Using pre-set license
Built from '2022.3/china_unity/release' branch; Version is '2022.3.13f1c1 (d214d547af8b) revision 13767893'; Using compiler version '192829333'; Build Type 'Release'
OS: 'Windows 10  (10.0.19042) 64bit Professional' Language: 'zh' Physical Memory: 16310 MB
BatchMode: 1, IsHumanControllingUs: 0, StartBugReporterOnCrash: 0, Is64bit: 1, IsPro: 1

COMMAND LINE ARGUMENTS:
D:\UnityEditor\2022.3.13f1c1\Editor\Unity.exe
-adb2
-batchMode
-noUpm
-name
AssetImportWorker0
-projectPath
D:/github/2.5DRPGAttempt/RPGAttempt
-logFile
Logs/AssetImportWorker0.log
-srvPort
50264
Successfully changed project path to: D:/github/2.5DRPGAttempt/RPGAttempt
D:/github/2.5DRPGAttempt/RPGAttempt
[UnityMemory] Configuration Parameters - Can be set up in boot.config
    "memorysetup-bucket-allocator-granularity=16"
    "memorysetup-bucket-allocator-bucket-count=8"
    "memorysetup-bucket-allocator-block-size=33554432"
    "memorysetup-bucket-allocator-block-count=8"
    "memorysetup-main-allocator-block-size=16777216"
    "memorysetup-thread-allocator-block-size=16777216"
    "memorysetup-gfx-main-allocator-block-size=16777216"
    "memorysetup-gfx-thread-allocator-block-size=16777216"
    "memorysetup-cache-allocator-block-size=4194304"
    "memorysetup-typetree-allocator-block-size=2097152"
    "memorysetup-profiler-bucket-allocator-granularity=16"
    "memorysetup-profiler-bucket-allocator-bucket-count=8"
    "memorysetup-profiler-bucket-allocator-block-size=33554432"
    "memorysetup-profiler-bucket-allocator-block-count=8"
    "memorysetup-profiler-allocator-block-size=16777216"
    "memorysetup-profiler-editor-allocator-block-size=1048576"
    "memorysetup-temp-allocator-size-main=16777216"
    "memorysetup-job-temp-allocator-block-size=2097152"
    "memorysetup-job-temp-allocator-block-size-background=1048576"
    "memorysetup-job-temp-allocator-reduction-small-platforms=262144"
    "memorysetup-allocator-temp-initial-block-size-main=262144"
    "memorysetup-allocator-temp-initial-block-size-worker=262144"
    "memorysetup-temp-allocator-size-background-worker=32768"
    "memorysetup-temp-allocator-size-job-worker=262144"
    "memorysetup-temp-allocator-size-preload-manager=33554432"
    "memorysetup-temp-allocator-size-nav-mesh-worker=65536"
    "memorysetup-temp-allocator-size-audio-worker=65536"
    "memorysetup-temp-allocator-size-cloud-worker=32768"
    "memorysetup-temp-allocator-size-gi-baking-worker=262144"
    "memorysetup-temp-allocator-size-gfx=262144"
Player connection [5080] Host "[IP] 192.168.1.6 [Port] 0 [Flags] 2 [Guid] 1190966512 [EditorId] 1190966512 [Version] 1048832 [Id] WindowsEditor(7,DESKTOP-JO0ECL5) [Debug] 1 [PackageName] WindowsEditor [ProjectName] Editor" joined multi-casting on [225.0.0.222:54997]...

Player connection [5080] Host "[IP] 192.168.1.6 [Port] 0 [Flags] 2 [Guid] 1190966512 [EditorId] 1190966512 [Version] 1048832 [Id] WindowsEditor(7,DESKTOP-JO0ECL5) [Debug] 1 [PackageName] WindowsEditor [ProjectName] Editor" joined alternative multi-casting on [225.0.0.222:34997]...

[Physics::Module] Initialized MultithreadedJobDispatcher with 15 workers.
Refreshing native plugins compatible for Editor in 31.54 ms, found 4 plugins.
Preloading 0 native plugins for Editor in 0.00 ms.
Initialize engine version: 2022.3.13f1c1 (d214d547af8b)
[Subsystems] Discovering subsystems at path D:/UnityEditor/2022.3.13f1c1/Editor/Data/Resources/UnitySubsystems
[Subsystems] Discovering subsystems at path D:/github/2.5DRPGAttempt/RPGAttempt/Assets
GfxDevice: creating device client; threaded=0; jobified=0
Direct3D:
    Version:  Direct3D 11.0 [level 11.1]
    Renderer: NVIDIA GeForce RTX 3070 (ID=0x2488)
    Vendor:   NVIDIA
    VRAM:     8043 MB
    Driver:   30.0.14.9649
Initialize mono
Mono path[0] = 'D:/UnityEditor/2022.3.13f1c1/Editor/Data/Managed'
Mono path[1] = 'D:/UnityEditor/2022.3.13f1c1/Editor/Data/MonoBleedingEdge/lib/mono/unityjit-win32'
Mono config path = 'D:/UnityEditor/2022.3.13f1c1/Editor/Data/MonoBleedingEdge/etc'
Using monoOptions --debugger-agent=transport=dt_socket,embedding=1,server=y,suspend=n,address=127.0.0.1:56384
Begin MonoManager ReloadAssembly
Registering precompiled unity dll's ...
Register platform support module: D:/UnityEditor/2022.3.13f1c1/Editor/Data/PlaybackEngines/WindowsStandaloneSupport/UnityEditor.WindowsStandalone.Extensions.dll
Registered in 0.006683 seconds.
- Loaded All Assemblies, in  0.263 seconds
Native extension for WindowsStandalone target not found
Mono: successfully reloaded assembly
- Finished resetting the current domain, in  0.189 seconds
Domain Reload Profiling: 448ms
	BeginReloadAssembly (88ms)
		ExecutionOrderSort (0ms)
		DisableScriptedObjects (0ms)
		BackupInstance (0ms)
		ReleaseScriptingObjects (0ms)
		CreateAndSetChildDomain (1ms)
	RebuildCommonClasses (24ms)
	RebuildNativeTypeToScriptingClass (7ms)
	initialDomainReloadingComplete (51ms)
	LoadAllAssembliesAndSetupDomain (89ms)
		LoadAssemblies (85ms)
		RebuildTransferFunctionScriptingTraits (0ms)
		AnalyzeDomain (87ms)
			TypeCache.Refresh (86ms)
				TypeCache.ScanAssembly (78ms)
			ScanForSourceGeneratedMonoScriptInfo (0ms)
			ResolveRequiredComponents (0ms)
	FinalizeReload (189ms)
		ReleaseScriptCaches (0ms)
		RebuildScriptCaches (0ms)
		SetupLoadedEditorAssemblies (148ms)
			LogAssemblyErrors (0ms)
			InitializePlatformSupportModulesInManaged (6ms)
			SetLoadedEditorAssemblies (5ms)
			RefreshPlugins (0ms)
			BeforeProcessingInitializeOnLoad (2ms)
			ProcessInitializeOnLoadAttributes (94ms)
			ProcessInitializeOnLoadMethodAttributes (41ms)
			AfterProcessingInitializeOnLoad (0ms)
			EditorAssembliesLoaded (0ms)
		ExecutionOrderSort2 (0ms)
		AwakeInstancesAfterBackupRestoration (0ms)
========================================================================
Worker process is ready to serve import requests
Begin MonoManager ReloadAssembly
- Loaded All Assemblies, in  0.535 seconds
Refreshing native plugins compatible for Editor in 8.97 ms, found 4 plugins.
Native extension for WindowsStandalone target not found
Package Manager log level set to [2]
[Package Manager] Server::EnsureServerProcessIsRunning -- launch failed, reason: Unity was launched with the -noUpm command-line argument
[Package Manager] UpmClient::Send -- Unable to send message (not connected to UPM process).
[Package Manager] Cannot connect to Unity Package Manager local server
Mono: successfully reloaded assembly
- Finished resetting the current domain, in  0.617 seconds
Domain Reload Profiling: 1145ms
	BeginReloadAssembly (116ms)
		ExecutionOrderSort (0ms)
		DisableScriptedObjects (4ms)
		BackupInstance (0ms)
		ReleaseScriptingObjects (0ms)
		CreateAndSetChildDomain (15ms)
	RebuildCommonClasses (24ms)
	RebuildNativeTypeToScriptingClass (7ms)
	initialDomainReloadingComplete (39ms)
	LoadAllAssembliesAndSetupDomain (341ms)
		LoadAssemblies (274ms)
		RebuildTransferFunctionScriptingTraits (0ms)
		AnalyzeDomain (138ms)
			TypeCache.Refresh (117ms)
				TypeCache.ScanAssembly (105ms)
			ScanForSourceGeneratedMonoScriptInfo (17ms)
			ResolveRequiredComponents (4ms)
	FinalizeReload (617ms)
		ReleaseScriptCaches (0ms)
		RebuildScriptCaches (0ms)
		SetupLoadedEditorAssemblies (493ms)
			LogAssemblyErrors (0ms)
			InitializePlatformSupportModulesInManaged (4ms)
			SetLoadedEditorAssemblies (3ms)
			RefreshPlugins (0ms)
			BeforeProcessingInitializeOnLoad (61ms)
			ProcessInitializeOnLoadAttributes (389ms)
			ProcessInitializeOnLoadMethodAttributes (27ms)
			AfterProcessingInitializeOnLoad (9ms)
			EditorAssembliesLoaded (0ms)
		ExecutionOrderSort2 (0ms)
		AwakeInstancesAfterBackupRestoration (10ms)
Launched and connected shader compiler UnityShaderCompiler.exe after 0.04 seconds
Refreshing native plugins compatible for Editor in 9.42 ms, found 4 plugins.
Preloading 0 native plugins for Editor in 0.00 ms.
Unloading 4515 Unused Serialized files (Serialized files now loaded: 0)
Unloading 77 unused Assets / (38.9 KB). Loaded Objects now: 4990.
Memory consumption went from 167.5 MB to 167.5 MB.
Total: 3.525000 ms (FindLiveObjects: 0.272800 ms CreateObjectMapping: 0.245200 ms MarkObjects: 2.915900 ms  DeleteObjects: 0.090300 ms)

AssetImportParameters requested are different than current active one (requested -> active):
  custom:container-demuxer-ogg: 62fdf1f143b41e24485cea50d1cbac27 -> 
  custom:video-decoder-ogg-theora: a1e56fd34408186e4bbccfd4996cb3dc -> 
  custom:framework-win-MediaFoundation: 216162199b28c13a410421893ffa2e32 -> 
  custom:CustomObjectIndexerAttribute: 756ad292c208cfabdd7b50bc23989ffe -> 
  custom:container-demuxer-webm: 4f35f7cbe854078d1ac9338744f61a02 -> 
  custom:container-muxer-webm: aa71ff27fc2769a1b78a27578f13a17b -> 
  custom:video-decoder-webm-vp8: 9c59270c3fd7afecdb556c50c9e8de78 -> 
  custom:SearchIndexIgnoredProperties: e643bd26f0fe6173181afceb89e7c659 -> 
  custom:AudioImporter_EditorPlatform: d09bf68614088b80899f8185d706f6e7 -> 
  custom:video-encoder-webm-vp8: eb34c28f22e8b96e1ab97ce403110664 -> 
  custom:audio-decoder-ogg-vorbis: bf7c407c2cedff20999df2af8eb42d56 -> 
  custom:audio-encoder-webm-vorbis: bf7c407c2cedff20999df2af8eb42d56 -> 
========================================================================
Received Import Request.
  Time since last request: 805.566019 seconds.
  path: Assets/Animation/Enemy/FireBear
  artifactKey: Guid(e7dca80cf6df06f44a9bff2de207d7e0) Importer(815301076,1909f56bfc062723c751e8b465ee728b)
Start importing Assets/Animation/Enemy/FireBear using Guid(e7dca80cf6df06f44a9bff2de207d7e0) Importer(815301076,1909f56bfc062723c751e8b465ee728b)  -> (artifact id: 'bd9b7939860dd0734c8a0b9fd5a1bfad') in 0.002230 seconds
Number of updated asset objects reloaded before import = 0
Number of asset objects unloaded after import = 0
========================================================================
Received Import Request.
  Time since last request: 7.917319 seconds.
  path: Assets/Animation/Enemy/FireBearKing
  artifactKey: Guid(e7dca80cf6df06f44a9bff2de207d7e0) Importer(815301076,1909f56bfc062723c751e8b465ee728b)
Start importing Assets/Animation/Enemy/FireBearKing using Guid(e7dca80cf6df06f44a9bff2de207d7e0) Importer(815301076,1909f56bfc062723c751e8b465ee728b)  -> (artifact id: '71e42a184b440a7dbdeea18fbabf68ae') in 0.000407 seconds
Number of updated asset objects reloaded before import = 0
Number of asset objects unloaded after import = 0
========================================================================
Received Import Request.
  Time since last request: 19.198486 seconds.
  path: Assets/Animation/Enemy/FireBearKing/FireBearKing.controller
  artifactKey: Guid(89cf6840ac4f9d14cb4965fb36c0fb78) Importer(815301076,1909f56bfc062723c751e8b465ee728b)
Start importing Assets/Animation/Enemy/FireBearKing/FireBearKing.controller using Guid(89cf6840ac4f9d14cb4965fb36c0fb78) Importer(815301076,1909f56bfc062723c751e8b465ee728b)  -> (artifact id: '023b2357e64869832f8b57a3e3997867') in 0.006453 seconds
Number of updated asset objects reloaded before import = 0
Number of asset objects unloaded after import = 1
========================================================================
Received Import Request.
  Time since last request: 3.810154 seconds.
  path: Assets/Animation/Enemy/TreeMonster/TreeMonster.controller
  artifactKey: Guid(81dd4bba291057b47a8ae58658c122aa) Importer(815301076,1909f56bfc062723c751e8b465ee728b)
Start importing Assets/Animation/Enemy/TreeMonster/TreeMonster.controller using Guid(81dd4bba291057b47a8ae58658c122aa) Importer(815301076,1909f56bfc062723c751e8b465ee728b)  -> (artifact id: 'e7bbbc96ddcd901a949d64bb50426ef0') in 0.015673 seconds
Number of updated asset objects reloaded before import = 0
Number of asset objects unloaded after import = 36
========================================================================
Received Import Request.
  Time since last request: 304.750317 seconds.
  path: Assets/Animation/Enemy/FireBearKing/Idle_Up.anim
  artifactKey: Guid(07049d2a03b0b5d46a2b3939e8a461f1) Importer(815301076,1909f56bfc062723c751e8b465ee728b)
Start importing Assets/Animation/Enemy/FireBearKing/Idle_Up.anim using Guid(07049d2a03b0b5d46a2b3939e8a461f1) Importer(815301076,1909f56bfc062723c751e8b465ee728b)  -> (artifact id: '7adb6d2f426479cdb45795cae2c55052') in 0.001341 seconds
Number of updated asset objects reloaded before import = 0
Number of asset objects unloaded after import = 1
========================================================================
Received Import Request.
  Time since last request: 7.693165 seconds.
  path: Assets/Animation/Enemy/FireBearKing/Idle_Front.anim
  artifactKey: Guid(07049d2a03b0b5d46a2b3939e8a461f1) Importer(815301076,1909f56bfc062723c751e8b465ee728b)
Start importing Assets/Animation/Enemy/FireBearKing/Idle_Front.anim using Guid(07049d2a03b0b5d46a2b3939e8a461f1) Importer(815301076,1909f56bfc062723c751e8b465ee728b)  -> (artifact id: '1a7d49621d4763c20d7d4105edc668aa') in 0.000918 seconds
Number of updated asset objects reloaded before import = 0
Number of asset objects unloaded after import = 1
========================================================================
Received Import Request.
  Time since last request: 1.655552 seconds.
  path: Assets/Animation/Enemy/FireBearKing/Idle_Down.anim
  artifactKey: Guid(8a46d4c34ffb2414ba30b3079468c0d0) Importer(815301076,1909f56bfc062723c751e8b465ee728b)
Start importing Assets/Animation/Enemy/FireBearKing/Idle_Down.anim using Guid(8a46d4c34ffb2414ba30b3079468c0d0) Importer(815301076,1909f56bfc062723c751e8b465ee728b)  -> (artifact id: '2d2eafcac02d3b4beffc9c7969946a07') in 0.000928 seconds
Number of updated asset objects reloaded before import = 0
Number of asset objects unloaded after import = 1
========================================================================
Received Import Request.
  Time since last request: 5.476407 seconds.
  path: Assets/Animation/Enemy/FireBearKing/Idle_Back.anim
  artifactKey: Guid(8a46d4c34ffb2414ba30b3079468c0d0) Importer(815301076,1909f56bfc062723c751e8b465ee728b)
Start importing Assets/Animation/Enemy/FireBearKing/Idle_Back.anim using Guid(8a46d4c34ffb2414ba30b3079468c0d0) Importer(815301076,1909f56bfc062723c751e8b465ee728b)  -> (artifact id: '3ad3c97442bd221fdeb861efaad7f6b9') in 0.000990 seconds
Number of updated asset objects reloaded before import = 0
Number of asset objects unloaded after import = 1
========================================================================
Received Import Request.
  Time since last request: 204.443474 seconds.
  path: Assets/Animation/Enemy/FireBearKing/FireBearKing.controller
  artifactKey: Guid(89cf6840ac4f9d14cb4965fb36c0fb78) Importer(815301076,1909f56bfc062723c751e8b465ee728b)
Start importing Assets/Animation/Enemy/FireBearKing/FireBearKing.controller using Guid(89cf6840ac4f9d14cb4965fb36c0fb78) Importer(815301076,1909f56bfc062723c751e8b465ee728b)  -> (artifact id: '2cec12be2b395248c562c5d59d08732f') in 0.002037 seconds
Number of updated asset objects reloaded before import = 0
Number of asset objects unloaded after import = 10
========================================================================
Received Import Request.
  Time since last request: 1084.160918 seconds.
  path: Assets/Animation/Enemy/FireBearKing/GetHeal.anim
  artifactKey: Guid(435ae308345fa174c819d022135e53dc) Importer(815301076,1909f56bfc062723c751e8b465ee728b)
Start importing Assets/Animation/Enemy/FireBearKing/GetHeal.anim using Guid(435ae308345fa174c819d022135e53dc) Importer(815301076,1909f56bfc062723c751e8b465ee728b)  -> (artifact id: '4c7a27b902ecc49b7979431900a88cdf') in 0.001168 seconds
Number of updated asset objects reloaded before import = 0
Number of asset objects unloaded after import = 1
========================================================================
Received Import Request.
  Time since last request: 4.100546 seconds.
  path: Assets/Animation/Enemy/FireBearKing/GetHurt 1.anim
  artifactKey: Guid(6d7f1df0cd4550c48ba86a70914e2a73) Importer(815301076,1909f56bfc062723c751e8b465ee728b)
Start importing Assets/Animation/Enemy/FireBearKing/GetHurt 1.anim using Guid(6d7f1df0cd4550c48ba86a70914e2a73) Importer(815301076,1909f56bfc062723c751e8b465ee728b)  -> (artifact id: 'ddc1a95965228bfcfa8780e1b66e9d82') in 0.001058 seconds
Number of updated asset objects reloaded before import = 0
Number of asset objects unloaded after import = 1
========================================================================
Received Import Request.
  Time since last request: 10.873031 seconds.
  path: Assets/Animation/Enemy/FireBearKing/GetHurt.anim
  artifactKey: Guid(c042d524fc07fbc488767a9db29ff7da) Importer(815301076,1909f56bfc062723c751e8b465ee728b)
Start importing Assets/Animation/Enemy/FireBearKing/GetHurt.anim using Guid(c042d524fc07fbc488767a9db29ff7da) Importer(815301076,1909f56bfc062723c751e8b465ee728b)  -> (artifact id: '54a14943d3ce3d0fd6477b4c82856a3d') in 0.000867 seconds
Number of updated asset objects reloaded before import = 0
Number of asset objects unloaded after import = 1
========================================================================
Received Import Request.
  Time since last request: 10.293184 seconds.
  path: Assets/Animation/Enemy/FireBearKing/GetHurt.anim
  artifactKey: Guid(6d7f1df0cd4550c48ba86a70914e2a73) Importer(815301076,1909f56bfc062723c751e8b465ee728b)
Start importing Assets/Animation/Enemy/FireBearKing/GetHurt.anim using Guid(6d7f1df0cd4550c48ba86a70914e2a73) Importer(815301076,1909f56bfc062723c751e8b465ee728b)  -> (artifact id: 'e8f0437d4dd7e219e6f7677ce23328ee') in 0.001073 seconds
Number of updated asset objects reloaded before import = 0
Number of asset objects unloaded after import = 1
========================================================================
Received Import Request.
  Time since last request: 1031.234800 seconds.
  path: Assets/Animation/Enemy/FireBearKing/FireBearKing.controller
  artifactKey: Guid(89cf6840ac4f9d14cb4965fb36c0fb78) Importer(815301076,1909f56bfc062723c751e8b465ee728b)
Start importing Assets/Animation/Enemy/FireBearKing/FireBearKing.controller using Guid(89cf6840ac4f9d14cb4965fb36c0fb78) Importer(815301076,1909f56bfc062723c751e8b465ee728b)  -> (artifact id: '018bc03894b6d10035ff54a0f393c68b') in 0.002151 seconds
Number of updated asset objects reloaded before import = 0
Number of asset objects unloaded after import = 15
========================================================================
Received Import Request.
  Time since last request: 3301.519566 seconds.
  path: Assets/Animation/Enemy/FireBearKing/Walk_Right.anim
  artifactKey: Guid(6a7c86c5dc8f29e419bf5ccb391b397d) Importer(815301076,1909f56bfc062723c751e8b465ee728b)
Start importing Assets/Animation/Enemy/FireBearKing/Walk_Right.anim using Guid(6a7c86c5dc8f29e419bf5ccb391b397d) Importer(815301076,1909f56bfc062723c751e8b465ee728b)  -> (artifact id: 'fdc39810a1ca9b2777884b1185579ab4') in 0.001027 seconds
Number of updated asset objects reloaded before import = 0
Number of asset objects unloaded after import = 1
========================================================================
Received Import Request.
  Time since last request: 51.921122 seconds.
  path: Assets/Assets/Tiny RPG Forest/sprites/mole/walk/mole-walk-side/mole-idle-side.png
  artifactKey: Guid(2448a61326be5a144ab9e434fc9b26d9) Importer(815301076,1909f56bfc062723c751e8b465ee728b)
Start importing Assets/Assets/Tiny RPG Forest/sprites/mole/walk/mole-walk-side/mole-idle-side.png using Guid(2448a61326be5a144ab9e434fc9b26d9) Importer(815301076,1909f56bfc062723c751e8b465ee728b)  -> (artifact id: '2203dd89e70c033d0bf5ab2c1eabd07a') in 0.058113 seconds
Number of updated asset objects reloaded before import = 0
Number of asset objects unloaded after import = 3
========================================================================
Received Import Request.
  Time since last request: 13802.880602 seconds.
  path: Assets/Assets/Tiny RPG Forest/sprites/mole/walk/mole-walk-front/mole-idle-front.png
  artifactKey: Guid(d413baea3a49f1947aadcdced149a2cb) Importer(815301076,1909f56bfc062723c751e8b465ee728b)
Start importing Assets/Assets/Tiny RPG Forest/sprites/mole/walk/mole-walk-front/mole-idle-front.png using Guid(d413baea3a49f1947aadcdced149a2cb) Importer(815301076,1909f56bfc062723c751e8b465ee728b)  -> (artifact id: '65308b213fdc394a72316249a3c8c6ba') in 0.022489 seconds
Number of updated asset objects reloaded before import = 0
Number of asset objects unloaded after import = 3
========================================================================
Received Import Request.
  Time since last request: 100.434083 seconds.
  path: Assets/Assets/Tiny RPG Forest/sprites/mole/walk/mole-walk-back/mole-idle-back.png
  artifactKey: Guid(b3f4a89a41a9b5c448f735b300a4af44) Importer(815301076,1909f56bfc062723c751e8b465ee728b)
Start importing Assets/Assets/Tiny RPG Forest/sprites/mole/walk/mole-walk-back/mole-idle-back.png using Guid(b3f4a89a41a9b5c448f735b300a4af44) Importer(815301076,1909f56bfc062723c751e8b465ee728b)  -> (artifact id: '8db9248677f57a4e1b9c7034e003e078') in 0.009573 seconds
Number of updated asset objects reloaded before import = 0
Number of asset objects unloaded after import = 3
========================================================================
Received Import Request.
  Time since last request: 88.916074 seconds.
  path: Assets/Animation/Enemy/FireBearKing/FireBearKing.controller
  artifactKey: Guid(89cf6840ac4f9d14cb4965fb36c0fb78) Importer(815301076,1909f56bfc062723c751e8b465ee728b)
Start importing Assets/Animation/Enemy/FireBearKing/FireBearKing.controller using Guid(89cf6840ac4f9d14cb4965fb36c0fb78) Importer(815301076,1909f56bfc062723c751e8b465ee728b)  -> (artifact id: '1d4906a461e679162861744814520ff8') in 0.003824 seconds
Number of updated asset objects reloaded before import = 0
Number of asset objects unloaded after import = 28
========================================================================
Received Import Request.
  Time since last request: 352.145347 seconds.
  path: Assets/Animation/Enemy/FireBearKing/FireBearKing.controller
  artifactKey: Guid(89cf6840ac4f9d14cb4965fb36c0fb78) Importer(815301076,1909f56bfc062723c751e8b465ee728b)
Start importing Assets/Animation/Enemy/FireBearKing/FireBearKing.controller using Guid(89cf6840ac4f9d14cb4965fb36c0fb78) Importer(815301076,1909f56bfc062723c751e8b465ee728b)  -> (artifact id: '4e097e4d2e607273c6d74f52141728fa') in 0.004384 seconds
Number of updated asset objects reloaded before import = 0
Number of asset objects unloaded after import = 32
========================================================================
Received Import Request.
  Time since last request: 1667.060459 seconds.
  path: Assets/Assets/Tiny RPG Forest/sprites/mole/attack/side-attack-1.png
  artifactKey: Guid(3827a6b88f9695f4084593bb5a1fa1f2) Importer(815301076,1909f56bfc062723c751e8b465ee728b)
Start importing Assets/Assets/Tiny RPG Forest/sprites/mole/attack/side-attack-1.png using Guid(3827a6b88f9695f4084593bb5a1fa1f2) Importer(815301076,1909f56bfc062723c751e8b465ee728b)  -> (artifact id: '25f1a306cd32716940889bd73fed81c0') in 0.009444 seconds
Number of updated asset objects reloaded before import = 0
Number of asset objects unloaded after import = 3
========================================================================
Received Import Request.
  Time since last request: 0.237419 seconds.
  path: Assets/Assets/Tiny RPG Forest/sprites/mole/attack/side-attack-5.png
  artifactKey: Guid(294d2f1f0789770458544bf7ba3144ee) Importer(815301076,1909f56bfc062723c751e8b465ee728b)
Start importing Assets/Assets/Tiny RPG Forest/sprites/mole/attack/side-attack-5.png using Guid(294d2f1f0789770458544bf7ba3144ee) Importer(815301076,1909f56bfc062723c751e8b465ee728b)  -> (artifact id: '389be0a888dbb403883c5cc81c425b7e') in 0.021023 seconds
Number of updated asset objects reloaded before import = 0
Number of asset objects unloaded after import = 3
Editor requested this worker to shutdown with reason: Scaling down because of idle timeout
TcpMessagingSession - receive error: operation aborted. errorcode: 995, details: 由于线程退出或应用程序请求，已中止 I/O 操作。
AssetImportWorker is now disconnected from the server
Process exiting
Exiting without the bug reporter. Application will terminate with return code 0