Using pre-set license
Built from '2021.3/china_unity/release' branch; Version is '2021.3.8f1c1 (c20728c1e961) revision 12715816'; Using compiler version '192829333'; Build Type 'Release'
OS: 'Windows 10  (10.0.19042) 64bit Professional' Language: 'zh' Physical Memory: 16310 MB
BatchMode: 1, IsHumanControllingUs: 0, StartBugReporterOnCrash: 0, Is64bit: 1, IsPro: 1

COMMAND LINE ARGUMENTS:
D:\UnityEditor\2021.3.8f1c1\Editor\Unity.exe
-adb2
-batchMode
-noUpm
-name
AssetImportWorker6
-projectPath
D:/github/2.5DRPGAttempt/RPGAttempt
-logFile
Logs/AssetImportWorker6.log
-srvPort
53051
Successfully changed project path to: D:/github/2.5DRPGAttempt/RPGAttempt
D:/github/2.5DRPGAttempt/RPGAttempt
[UnityMemory] Configuration Parameters - Can be set up in boot.config
    "memorysetup-bucket-allocator-granularity=16"
    "memorysetup-bucket-allocator-bucket-count=8"
    "memorysetup-bucket-allocator-block-size=33554432"
    "memorysetup-bucket-allocator-block-count=8"
    "memorysetup-main-allocator-block-size=16777216"
    "memorysetup-thread-allocator-block-size=16777216"
    "memorysetup-gfx-main-allocator-block-size=16777216"
    "memorysetup-gfx-thread-allocator-block-size=16777216"
    "memorysetup-cache-allocator-block-size=4194304"
    "memorysetup-typetree-allocator-block-size=2097152"
    "memorysetup-profiler-bucket-allocator-granularity=16"
    "memorysetup-profiler-bucket-allocator-bucket-count=8"
    "memorysetup-profiler-bucket-allocator-block-size=33554432"
    "memorysetup-profiler-bucket-allocator-block-count=8"
    "memorysetup-profiler-allocator-block-size=16777216"
    "memorysetup-profiler-editor-allocator-block-size=1048576"
    "memorysetup-temp-allocator-size-main=16777216"
    "memorysetup-job-temp-allocator-block-size=2097152"
    "memorysetup-job-temp-allocator-block-size-background=1048576"
    "memorysetup-job-temp-allocator-reduction-small-platforms=262144"
    "memorysetup-temp-allocator-size-background-worker=32768"
    "memorysetup-temp-allocator-size-job-worker=262144"
    "memorysetup-temp-allocator-size-preload-manager=33554432"
    "memorysetup-temp-allocator-size-nav-mesh-worker=65536"
    "memorysetup-temp-allocator-size-audio-worker=65536"
    "memorysetup-temp-allocator-size-cloud-worker=32768"
    "memorysetup-temp-allocator-size-gi-baking-worker=262144"
    "memorysetup-temp-allocator-size-gfx=262144"
AS: AutoStreaming module initializing.
Refreshing native plugins compatible for Editor in 78.61 ms, found 4 plugins.
Preloading 0 native plugins for Editor in 0.00 ms.
Initialize engine version: 2021.3.8f1c1 (c20728c1e961)
[Subsystems] Discovering subsystems at path D:/UnityEditor/2021.3.8f1c1/Editor/Data/Resources/UnitySubsystems
[Subsystems] Discovering subsystems at path D:/github/2.5DRPGAttempt/RPGAttempt/Assets
GfxDevice: creating device client; threaded=0; jobified=0
Direct3D:
    Version:  Direct3D 11.0 [level 11.1]
    Renderer: NVIDIA GeForce RTX 3070 (ID=0x2488)
    Vendor:   NVIDIA
    VRAM:     8043 MB
    Driver:   30.0.14.9649
Initialize mono
Mono path[0] = 'D:/UnityEditor/2021.3.8f1c1/Editor/Data/Managed'
Mono path[1] = 'D:/UnityEditor/2021.3.8f1c1/Editor/Data/MonoBleedingEdge/lib/mono/unityjit-win32'
Mono config path = 'D:/UnityEditor/2021.3.8f1c1/Editor/Data/MonoBleedingEdge/etc'
Using monoOptions --debugger-agent=transport=dt_socket,embedding=1,server=y,suspend=n,address=127.0.0.1:56588
Begin MonoManager ReloadAssembly
Registering precompiled unity dll's ...
Register platform support module: D:/UnityEditor/2021.3.8f1c1/Editor/Data/PlaybackEngines/WebGLSupport/UnityEditor.WebGL.Extensions.dll
Register platform support module: D:/UnityEditor/2021.3.8f1c1/Editor/Data/PlaybackEngines/WindowsStandaloneSupport/UnityEditor.WindowsStandalone.Extensions.dll
Registered in 0.006142 seconds.
Native extension for WindowsStandalone target not found
Native extension for WebGL target not found
Refreshing native plugins compatible for Editor in 75.97 ms, found 4 plugins.
Preloading 0 native plugins for Editor in 0.00 ms.
Mono: successfully reloaded assembly
- Completed reload, in  0.560 seconds
Domain Reload Profiling:
	ReloadAssembly (561ms)
		BeginReloadAssembly (75ms)
			ExecutionOrderSort (0ms)
			DisableScriptedObjects (0ms)
			BackupInstance (0ms)
			ReleaseScriptingObjects (0ms)
			CreateAndSetChildDomain (1ms)
		EndReloadAssembly (383ms)
			LoadAssemblies (71ms)
			RebuildTransferFunctionScriptingTraits (0ms)
			SetupTypeCache (91ms)
			ReleaseScriptCaches (0ms)
			RebuildScriptCaches (27ms)
			SetupLoadedEditorAssemblies (214ms)
				LogAssemblyErrors (0ms)
				InitializePlatformSupportModulesInManaged (8ms)
				SetLoadedEditorAssemblies (0ms)
				RefreshPlugins (76ms)
				BeforeProcessingInitializeOnLoad (1ms)
				ProcessInitializeOnLoadAttributes (91ms)
				ProcessInitializeOnLoadMethodAttributes (38ms)
				AfterProcessingInitializeOnLoad (0ms)
				EditorAssembliesLoaded (0ms)
			ExecutionOrderSort2 (0ms)
			AwakeInstancesAfterBackupRestoration (0ms)
Platform modules already initialized, skipping
Registering precompiled user dll's ...
Registered in 0.013918 seconds.
Begin MonoManager ReloadAssembly
Symbol file LoadedFromMemory doesn't match image D:\github\2.5DRPGAttempt\RPGAttempt\Library\PackageCache\com.unity.visualscripting@1.7.8\Editor\VisualScripting.Core\Dependencies\YamlDotNet\Unity.VisualScripting.YamlDotNet.dll
Symbol file LoadedFromMemory doesn't match image D:\github\2.5DRPGAttempt\RPGAttempt\Library\PackageCache\com.unity.visualscripting@1.7.8\Editor\VisualScripting.Core\Dependencies\DotNetZip\Unity.VisualScripting.IonicZip.dll
Native extension for WindowsStandalone target not found
Native extension for WebGL target not found
Refreshing native plugins compatible for Editor in 66.50 ms, found 4 plugins.
Preloading 0 native plugins for Editor in 0.00 ms.
Mono: successfully reloaded assembly
- Completed reload, in  0.906 seconds
Domain Reload Profiling:
	ReloadAssembly (907ms)
		BeginReloadAssembly (93ms)
			ExecutionOrderSort (0ms)
			DisableScriptedObjects (4ms)
			BackupInstance (0ms)
			ReleaseScriptingObjects (0ms)
			CreateAndSetChildDomain (16ms)
		EndReloadAssembly (720ms)
			LoadAssemblies (82ms)
			RebuildTransferFunctionScriptingTraits (0ms)
			SetupTypeCache (173ms)
			ReleaseScriptCaches (1ms)
			RebuildScriptCaches (42ms)
			SetupLoadedEditorAssemblies (375ms)
				LogAssemblyErrors (0ms)
				InitializePlatformSupportModulesInManaged (5ms)
				SetLoadedEditorAssemblies (0ms)
				RefreshPlugins (67ms)
				BeforeProcessingInitializeOnLoad (77ms)
				ProcessInitializeOnLoadAttributes (181ms)
				ProcessInitializeOnLoadMethodAttributes (35ms)
				AfterProcessingInitializeOnLoad (10ms)
				EditorAssembliesLoaded (0ms)
			ExecutionOrderSort2 (0ms)
			AwakeInstancesAfterBackupRestoration (10ms)
Platform modules already initialized, skipping
========================================================================
Worker process is ready to serve import requests
Launched and connected shader compiler UnityShaderCompiler.exe after 0.05 seconds
Refreshing native plugins compatible for Editor in 0.88 ms, found 4 plugins.
Preloading 0 native plugins for Editor in 0.00 ms.
Unloading 4073 Unused Serialized files (Serialized files now loaded: 0)
Unloading 44 unused Assets / (222.4 KB). Loaded Objects now: 4525.
Memory consumption went from 151.6 MB to 151.4 MB.
Total: 3.151000 ms (FindLiveObjects: 0.279400 ms CreateObjectMapping: 0.204400 ms MarkObjects: 2.520900 ms  DeleteObjects: 0.145200 ms)

AssetImportParameters requested are different than current active one (requested -> active):
  custom:video-decoder-ogg-theora: a1e56fd34408186e4bbccfd4996cb3dc -> 
  custom:container-muxer-webm: aa71ff27fc2769a1b78a27578f13a17b -> 
  custom:container-demuxer-webm: 4f35f7cbe854078d1ac9338744f61a02 -> 
  custom:video-encoder-webm-vp8: eb34c28f22e8b96e1ab97ce403110664 -> 
  custom:audio-encoder-webm-vorbis: bf7c407c2cedff20999df2af8eb42d56 -> 
  custom:framework-win-MediaFoundation: 216162199b28c13a410421893ffa2e32 -> 
  custom:container-demuxer-ogg: 62fdf1f143b41e24485cea50d1cbac27 -> 
  custom:video-decoder-webm-vp8: 9c59270c3fd7afecdb556c50c9e8de78 -> 
  custom:audio-decoder-ogg-vorbis: bf7c407c2cedff20999df2af8eb42d56 -> 
========================================================================
Received Import Request.
  Time since last request: 31102.990097 seconds.
  path: Assets/Tile/wallandwater/tileset-sliced_226.asset
  artifactKey: Guid(4c894e4969bcf54468fba1641d2f3a0f) Importer(815301076,1909f56bfc062723c751e8b465ee728b)
Start importing Assets/Tile/wallandwater/tileset-sliced_226.asset using Guid(4c894e4969bcf54468fba1641d2f3a0f) Importer(815301076,1909f56bfc062723c751e8b465ee728b)  -> (artifact id: 'b7598621054355c7afa825ddac6e3596') in 0.075906 seconds 
========================================================================
Received Import Request.
  Time since last request: 0.000021 seconds.
  path: Assets/Tile/wallandwater/tileset-sliced_231.asset
  artifactKey: Guid(d926a9fb59a997245be6d8cd943b1dcf) Importer(815301076,1909f56bfc062723c751e8b465ee728b)
Start importing Assets/Tile/wallandwater/tileset-sliced_231.asset using Guid(d926a9fb59a997245be6d8cd943b1dcf) Importer(815301076,1909f56bfc062723c751e8b465ee728b)  -> (artifact id: 'a5d1a0e57950e4a1ec3884af3f841564') in 0.019820 seconds 
========================================================================
Received Import Request.
  Time since last request: 0.425528 seconds.
  path: Assets/Tile/wallandwater/tileset-sliced_242.asset
  artifactKey: Guid(0452325a1afbf3e4dbf08693b58f1b52) Importer(815301076,1909f56bfc062723c751e8b465ee728b)
Start importing Assets/Tile/wallandwater/tileset-sliced_242.asset using Guid(0452325a1afbf3e4dbf08693b58f1b52) Importer(815301076,1909f56bfc062723c751e8b465ee728b)  -> (artifact id: '83cc30963b151b77d4d96cb146fe46ea') in 0.008672 seconds 
========================================================================
Received Import Request.
  Time since last request: 0.000017 seconds.
  path: Assets/Tile/wallandwater/tileset-sliced_254.asset
  artifactKey: Guid(6456b5de677ecb443ae9553f8fb887ad) Importer(815301076,1909f56bfc062723c751e8b465ee728b)
Start importing Assets/Tile/wallandwater/tileset-sliced_254.asset using Guid(6456b5de677ecb443ae9553f8fb887ad) Importer(815301076,1909f56bfc062723c751e8b465ee728b)  -> (artifact id: '9d1e993af72e51a9a9b3ebcc4ce96a5c') in 0.010811 seconds 
========================================================================
Received Import Request.
  Time since last request: 0.000021 seconds.
  path: Assets/Tile/wallandwater/tileset-sliced_250.asset
  artifactKey: Guid(bf44caf3e5cd3754ca81110c6a3f9a98) Importer(815301076,1909f56bfc062723c751e8b465ee728b)
Start importing Assets/Tile/wallandwater/tileset-sliced_250.asset using Guid(bf44caf3e5cd3754ca81110c6a3f9a98) Importer(815301076,1909f56bfc062723c751e8b465ee728b)  -> (artifact id: 'cccba027b075da5d3f6d59663c852c69') in 0.035285 seconds 
========================================================================
Received Import Request.
  Time since last request: 0.018710 seconds.
  path: Assets/Tile/wallandwater/tileset-sliced_258.asset
  artifactKey: Guid(667bf0d4354cb5d449658d1557c1e9c4) Importer(815301076,1909f56bfc062723c751e8b465ee728b)
Start importing Assets/Tile/wallandwater/tileset-sliced_258.asset using Guid(667bf0d4354cb5d449658d1557c1e9c4) Importer(815301076,1909f56bfc062723c751e8b465ee728b)  -> (artifact id: 'b4301e1dbccb33d704a5b5aaf394f9f0') in 0.021774 seconds 
========================================================================
Received Import Request.
  Time since last request: 0.000016 seconds.
  path: Assets/Tile/wallandwater/tileset-sliced_267.asset
  artifactKey: Guid(0c66e5105809dae4284d96fc65a46e45) Importer(815301076,1909f56bfc062723c751e8b465ee728b)
Start importing Assets/Tile/wallandwater/tileset-sliced_267.asset using Guid(0c66e5105809dae4284d96fc65a46e45) Importer(815301076,1909f56bfc062723c751e8b465ee728b)  -> (artifact id: '268cbee595d5a42062d77bba8794ad11') in 0.007976 seconds 
========================================================================
Received Import Request.
  Time since last request: 0.000018 seconds.
  path: Assets/Tile/wallandwater/tileset-sliced_262.asset
  artifactKey: Guid(6dcfb9ff940189a47aafb5c0ae2ae186) Importer(815301076,1909f56bfc062723c751e8b465ee728b)
Start importing Assets/Tile/wallandwater/tileset-sliced_262.asset using Guid(6dcfb9ff940189a47aafb5c0ae2ae186) Importer(815301076,1909f56bfc062723c751e8b465ee728b)  -> (artifact id: 'cf2b91bab6b2ac9bdcc73718e30cf9e4') in 0.009002 seconds 
========================================================================
Received Import Request.
  Time since last request: 0.000027 seconds.
  path: Assets/Tile/wallandwater/tileset-sliced_269.asset
  artifactKey: Guid(c17161174ceb0af45ab9744522a6b4c5) Importer(815301076,1909f56bfc062723c751e8b465ee728b)
Start importing Assets/Tile/wallandwater/tileset-sliced_269.asset using Guid(c17161174ceb0af45ab9744522a6b4c5) Importer(815301076,1909f56bfc062723c751e8b465ee728b)  -> (artifact id: 'a55f9c5a5febdc4a012ca50668369229') in 0.008299 seconds 
========================================================================
Received Import Request.
  Time since last request: 0.138856 seconds.
  path: Assets/Tile/wallandwater/tileset-sliced_274.asset
  artifactKey: Guid(f2d9848ed5b22b24f9a51bb6d51076a7) Importer(815301076,1909f56bfc062723c751e8b465ee728b)
Start importing Assets/Tile/wallandwater/tileset-sliced_274.asset using Guid(f2d9848ed5b22b24f9a51bb6d51076a7) Importer(815301076,1909f56bfc062723c751e8b465ee728b)  -> (artifact id: '7c07ec00247d91e57d4e9f5f04ba6d56') in 0.008294 seconds 
========================================================================
Received Import Request.
  Time since last request: 0.000017 seconds.
  path: Assets/Tile/wallandwater/tileset-sliced_283.asset
  artifactKey: Guid(226a0fa7d17e80d458aa84877362206b) Importer(815301076,1909f56bfc062723c751e8b465ee728b)
Start importing Assets/Tile/wallandwater/tileset-sliced_283.asset using Guid(226a0fa7d17e80d458aa84877362206b) Importer(815301076,1909f56bfc062723c751e8b465ee728b)  -> (artifact id: '74a4cb0e1ba65d2dd7c905ee1fb0583d') in 0.009265 seconds 
========================================================================
Received Import Request.
  Time since last request: 0.000020 seconds.
  path: Assets/Tile/wallandwater/tileset-sliced_284.asset
  artifactKey: Guid(488637f6ca0e1d14a9c16ee5695dc69d) Importer(815301076,1909f56bfc062723c751e8b465ee728b)
Start importing Assets/Tile/wallandwater/tileset-sliced_284.asset using Guid(488637f6ca0e1d14a9c16ee5695dc69d) Importer(815301076,1909f56bfc062723c751e8b465ee728b)  -> (artifact id: '2af08967f1f91aa2cbd4c91852464182') in 0.012194 seconds 
========================================================================
Received Import Request.
  Time since last request: 0.000022 seconds.
  path: Assets/Tile/wallandwater/tileset-sliced_280.asset
  artifactKey: Guid(ec0d4ebb0103955419b7616d627af16a) Importer(815301076,1909f56bfc062723c751e8b465ee728b)
Start importing Assets/Tile/wallandwater/tileset-sliced_280.asset using Guid(ec0d4ebb0103955419b7616d627af16a) Importer(815301076,1909f56bfc062723c751e8b465ee728b)  -> (artifact id: 'b58b5a7ea6f9c616eda905a6aa5d38a1') in 0.010407 seconds 
========================================================================
Received Import Request.
  Time since last request: 0.060837 seconds.
  path: Assets/Tile/wallandwater/tileset-sliced_290.asset
  artifactKey: Guid(c053a2c81609a714a9f3bad8ae5c934a) Importer(815301076,1909f56bfc062723c751e8b465ee728b)
Start importing Assets/Tile/wallandwater/tileset-sliced_290.asset using Guid(c053a2c81609a714a9f3bad8ae5c934a) Importer(815301076,1909f56bfc062723c751e8b465ee728b)  -> (artifact id: 'd0d62328e5cb7af9acdf41af5c014858') in 0.009778 seconds 
========================================================================
Received Import Request.
  Time since last request: 0.000018 seconds.
  path: Assets/Tile/wallandwater/tileset-sliced_298.asset
  artifactKey: Guid(0648a4aa060875f4d8629acc640ede7e) Importer(815301076,1909f56bfc062723c751e8b465ee728b)
Start importing Assets/Tile/wallandwater/tileset-sliced_298.asset using Guid(0648a4aa060875f4d8629acc640ede7e) Importer(815301076,1909f56bfc062723c751e8b465ee728b)  -> (artifact id: '54b05f8f945d3932e135f34db3743af6') in 0.016559 seconds 
========================================================================
Received Import Request.
  Time since last request: 0.000019 seconds.
  path: Assets/Tile/wallandwater/tileset-sliced_302.asset
  artifactKey: Guid(7adf188e5976e0a49817fb64f2a8d175) Importer(815301076,1909f56bfc062723c751e8b465ee728b)
Start importing Assets/Tile/wallandwater/tileset-sliced_302.asset using Guid(7adf188e5976e0a49817fb64f2a8d175) Importer(815301076,1909f56bfc062723c751e8b465ee728b)  -> (artifact id: '517c83f594d1baabbbf407fd3cc45195') in 0.008316 seconds 
========================================================================
Received Import Request.
  Time since last request: 0.000020 seconds.
  path: Assets/Tile/wallandwater/tileset-sliced_304.asset
  artifactKey: Guid(c5b69557bfbbe164897c2e8d96a7b96d) Importer(815301076,1909f56bfc062723c751e8b465ee728b)
Start importing Assets/Tile/wallandwater/tileset-sliced_304.asset using Guid(c5b69557bfbbe164897c2e8d96a7b96d) Importer(815301076,1909f56bfc062723c751e8b465ee728b)  -> (artifact id: '4537e6e3e2c6277c65d34ad3afe6fd97') in 0.008159 seconds 
========================================================================
Received Import Request.
  Time since last request: 0.931125 seconds.
  path: Assets/Tile/wallandwater/tileset-sliced_306.asset
  artifactKey: Guid(feeaf272fe79b2942818134118301ef3) Importer(815301076,1909f56bfc062723c751e8b465ee728b)
Start importing Assets/Tile/wallandwater/tileset-sliced_306.asset using Guid(feeaf272fe79b2942818134118301ef3) Importer(815301076,1909f56bfc062723c751e8b465ee728b)  -> (artifact id: '0ccfcc1be9655acb2bafa72b90c58c4e') in 0.008765 seconds 
========================================================================
Received Import Request.
  Time since last request: 0.000016 seconds.
  path: Assets/Tile/wallandwater/tileset-sliced_316.asset
  artifactKey: Guid(ea7e17b79ae7edf49bf31ba6cab6e62d) Importer(815301076,1909f56bfc062723c751e8b465ee728b)
Start importing Assets/Tile/wallandwater/tileset-sliced_316.asset using Guid(ea7e17b79ae7edf49bf31ba6cab6e62d) Importer(815301076,1909f56bfc062723c751e8b465ee728b)  -> (artifact id: '6ceca04f389ec6db36c661dec39888b0') in 0.010623 seconds 
========================================================================
Received Import Request.
  Time since last request: 0.000020 seconds.
  path: Assets/Tile/wallandwater/tileset-sliced_317.asset
  artifactKey: Guid(1d3cc6dd3a6157b41b72bba95697e68d) Importer(815301076,1909f56bfc062723c751e8b465ee728b)
Start importing Assets/Tile/wallandwater/tileset-sliced_317.asset using Guid(1d3cc6dd3a6157b41b72bba95697e68d) Importer(815301076,1909f56bfc062723c751e8b465ee728b)  -> (artifact id: 'b52f366df274e6aef664d45c30cd719d') in 0.014124 seconds 
========================================================================
Received Import Request.
  Time since last request: 0.000028 seconds.
  path: Assets/Tile/wallandwater/tileset-sliced_318.asset
  artifactKey: Guid(c83fa4998e45f94449e8c7c20b7b77f1) Importer(815301076,1909f56bfc062723c751e8b465ee728b)
Start importing Assets/Tile/wallandwater/tileset-sliced_318.asset using Guid(c83fa4998e45f94449e8c7c20b7b77f1) Importer(815301076,1909f56bfc062723c751e8b465ee728b)  -> (artifact id: '441aa59dc4f4814399c1150e34758a32') in 0.007961 seconds 
========================================================================
Received Import Request.
  Time since last request: 0.007937 seconds.
  path: Assets/Tile/wallandwater/tileset-sliced_322.asset
  artifactKey: Guid(61d3d389d13ea4c418624f294cd8cd30) Importer(815301076,1909f56bfc062723c751e8b465ee728b)
Start importing Assets/Tile/wallandwater/tileset-sliced_322.asset using Guid(61d3d389d13ea4c418624f294cd8cd30) Importer(815301076,1909f56bfc062723c751e8b465ee728b)  -> (artifact id: '9d6d8c7c3d58c9dfddf290878f58a070') in 0.011261 seconds 
========================================================================
Received Import Request.
  Time since last request: 0.000017 seconds.
  path: Assets/Tile/wallandwater/tileset-sliced_329.asset
  artifactKey: Guid(c9c04d41ee85dce44a2ec10139de55ed) Importer(815301076,1909f56bfc062723c751e8b465ee728b)
Start importing Assets/Tile/wallandwater/tileset-sliced_329.asset using Guid(c9c04d41ee85dce44a2ec10139de55ed) Importer(815301076,1909f56bfc062723c751e8b465ee728b)  -> (artifact id: 'e7fca38068b3444c9bda3b37be194ffa') in 0.007699 seconds 
========================================================================
Received Import Request.
  Time since last request: 0.000015 seconds.
  path: Assets/Tile/wallandwater/tileset-sliced_326.asset
  artifactKey: Guid(70b3c5ed9497b214585e666cd7232506) Importer(815301076,1909f56bfc062723c751e8b465ee728b)
Start importing Assets/Tile/wallandwater/tileset-sliced_326.asset using Guid(70b3c5ed9497b214585e666cd7232506) Importer(815301076,1909f56bfc062723c751e8b465ee728b)  -> (artifact id: 'b39a0ab35882c4de99e22bfbb5ebbc78') in 0.009912 seconds 
========================================================================
Received Import Request.
  Time since last request: 0.000016 seconds.
  path: Assets/Tile/wallandwater/tileset-sliced_332.asset
  artifactKey: Guid(ae730e207644db140be9be27e6d38ce6) Importer(815301076,1909f56bfc062723c751e8b465ee728b)
Start importing Assets/Tile/wallandwater/tileset-sliced_332.asset using Guid(ae730e207644db140be9be27e6d38ce6) Importer(815301076,1909f56bfc062723c751e8b465ee728b)  -> (artifact id: '76c671037e8b14fe5e9892730e27736e') in 0.007348 seconds 
========================================================================
Received Import Request.
  Time since last request: 0.131498 seconds.
  path: Assets/Tile/wallandwater/tileset-sliced_338.asset
  artifactKey: Guid(06d7a1148245c5045ac973310eb3d774) Importer(815301076,1909f56bfc062723c751e8b465ee728b)
Start importing Assets/Tile/wallandwater/tileset-sliced_338.asset using Guid(06d7a1148245c5045ac973310eb3d774) Importer(815301076,1909f56bfc062723c751e8b465ee728b)  -> (artifact id: 'c3fb6da8107032a5b93ce0945e5915e2') in 0.008009 seconds 
========================================================================
Received Import Request.
  Time since last request: 0.000016 seconds.
  path: Assets/Tile/wallandwater/tileset-sliced_348.asset
  artifactKey: Guid(9bec8078024e17449be12cfe579bd7c1) Importer(815301076,1909f56bfc062723c751e8b465ee728b)
Start importing Assets/Tile/wallandwater/tileset-sliced_348.asset using Guid(9bec8078024e17449be12cfe579bd7c1) Importer(815301076,1909f56bfc062723c751e8b465ee728b)  -> (artifact id: '0f1aa52ce15e6f1038da817df8efafa0') in 0.016361 seconds 
========================================================================
Received Import Request.
  Time since last request: 0.000015 seconds.
  path: Assets/Tile/wallandwater/tileset-sliced_343.asset
  artifactKey: Guid(43329ac1faeef8f4a9876b2b0a787206) Importer(815301076,1909f56bfc062723c751e8b465ee728b)
Start importing Assets/Tile/wallandwater/tileset-sliced_343.asset using Guid(43329ac1faeef8f4a9876b2b0a787206) Importer(815301076,1909f56bfc062723c751e8b465ee728b)  -> (artifact id: '821aa8947d3978970c3aaa78e07b2ea1') in 0.008333 seconds 
========================================================================
Received Import Request.
  Time since last request: 0.000016 seconds.
  path: Assets/Tile/wallandwater/tileset-sliced_344.asset
  artifactKey: Guid(3360ee770a5986044b145def7f485129) Importer(815301076,1909f56bfc062723c751e8b465ee728b)
Start importing Assets/Tile/wallandwater/tileset-sliced_344.asset using Guid(3360ee770a5986044b145def7f485129) Importer(815301076,1909f56bfc062723c751e8b465ee728b)  -> (artifact id: 'd6761927eda40002135e7fde7867d7fb') in 0.025556 seconds 
========================================================================
Received Import Request.
  Time since last request: 0.538366 seconds.
  path: Assets/Tile/wallandwater/tileset-sliced_354.asset
  artifactKey: Guid(449364168c0995443bc7a66fbe4abb14) Importer(815301076,1909f56bfc062723c751e8b465ee728b)
Start importing Assets/Tile/wallandwater/tileset-sliced_354.asset using Guid(449364168c0995443bc7a66fbe4abb14) Importer(815301076,1909f56bfc062723c751e8b465ee728b)  -> (artifact id: '127582ca0b44ce7494a151196f6371db') in 0.007737 seconds 
========================================================================
Received Import Request.
  Time since last request: 0.000018 seconds.
  path: Assets/Tile/wallandwater/tileset-sliced_364.asset
  artifactKey: Guid(79a0c5853f644c64db6f3708c4545a6e) Importer(815301076,1909f56bfc062723c751e8b465ee728b)
Start importing Assets/Tile/wallandwater/tileset-sliced_364.asset using Guid(79a0c5853f644c64db6f3708c4545a6e) Importer(815301076,1909f56bfc062723c751e8b465ee728b)  -> (artifact id: 'de427366b9771162f4df5abdc19936e7') in 0.007357 seconds 
========================================================================
Received Import Request.
  Time since last request: 0.000015 seconds.
  path: Assets/Tile/wallandwater/tileset-sliced_365.asset
  artifactKey: Guid(cb9f4430df598e64a852ee176a72161d) Importer(815301076,1909f56bfc062723c751e8b465ee728b)
Start importing Assets/Tile/wallandwater/tileset-sliced_365.asset using Guid(cb9f4430df598e64a852ee176a72161d) Importer(815301076,1909f56bfc062723c751e8b465ee728b)  -> (artifact id: 'b7e593c05761e2e64ad92b536092f250') in 0.011950 seconds 
========================================================================
Received Import Request.
  Time since last request: 0.000015 seconds.
  path: Assets/Tile/wallandwater/tileset-sliced_368.asset
  artifactKey: Guid(9c95e31b5f7f19a408ca195c7c4627a3) Importer(815301076,1909f56bfc062723c751e8b465ee728b)
Start importing Assets/Tile/wallandwater/tileset-sliced_368.asset using Guid(9c95e31b5f7f19a408ca195c7c4627a3) Importer(815301076,1909f56bfc062723c751e8b465ee728b)  -> (artifact id: 'bb6f98aedbb2e57e76290cd154cd93ce') in 0.008685 seconds 
========================================================================
Received Import Request.
  Time since last request: 0.063817 seconds.
  path: Assets/Tile/wallandwater/tileset-sliced_370.asset
  artifactKey: Guid(bdabc83df6db9544793f516ad0320e4e) Importer(815301076,1909f56bfc062723c751e8b465ee728b)
Start importing Assets/Tile/wallandwater/tileset-sliced_370.asset using Guid(bdabc83df6db9544793f516ad0320e4e) Importer(815301076,1909f56bfc062723c751e8b465ee728b)  -> (artifact id: '5e5223fc133777ef48347a9223a63272') in 0.007483 seconds 
========================================================================
Received Import Request.
  Time since last request: 0.000017 seconds.
  path: Assets/Tile/wallandwater/tileset-sliced_383.asset
  artifactKey: Guid(ee9e4809f61efda4188731d30beba71c) Importer(815301076,1909f56bfc062723c751e8b465ee728b)
Start importing Assets/Tile/wallandwater/tileset-sliced_383.asset using Guid(ee9e4809f61efda4188731d30beba71c) Importer(815301076,1909f56bfc062723c751e8b465ee728b)  -> (artifact id: 'c02f173fd2a6ea0327b5c7618b7999a3') in 0.008118 seconds 
========================================================================
Received Import Request.
  Time since last request: 0.000016 seconds.
  path: Assets/Tile/wallandwater/tileset-sliced_380.asset
  artifactKey: Guid(101c7ee972887ac4984faea3986f2ee8) Importer(815301076,1909f56bfc062723c751e8b465ee728b)
Start importing Assets/Tile/wallandwater/tileset-sliced_380.asset using Guid(101c7ee972887ac4984faea3986f2ee8) Importer(815301076,1909f56bfc062723c751e8b465ee728b)  -> (artifact id: '8ddceb870ea3c3e2992fd0451975053c') in 0.012452 seconds 
========================================================================
Received Import Request.
  Time since last request: 0.000016 seconds.
  path: Assets/Tile/wallandwater/tileset-sliced_373.asset
  artifactKey: Guid(c0b7d79045b2cab47a87f7c9b1099f62) Importer(815301076,1909f56bfc062723c751e8b465ee728b)
Start importing Assets/Tile/wallandwater/tileset-sliced_373.asset using Guid(c0b7d79045b2cab47a87f7c9b1099f62) Importer(815301076,1909f56bfc062723c751e8b465ee728b)  -> (artifact id: '24c6bc2ca63f9d3fef6282f72fe1b710') in 0.009111 seconds 
========================================================================
Received Import Request.
  Time since last request: 0.173784 seconds.
  path: Assets/Tile/wallandwater/tileset-sliced_386.asset
  artifactKey: Guid(19be8cb8ce358aa488f57b992bcd6c81) Importer(815301076,1909f56bfc062723c751e8b465ee728b)
Start importing Assets/Tile/wallandwater/tileset-sliced_386.asset using Guid(19be8cb8ce358aa488f57b992bcd6c81) Importer(815301076,1909f56bfc062723c751e8b465ee728b)  -> (artifact id: '54cb828a2029ce9878a942c623581dbd') in 0.007775 seconds 
========================================================================
Received Import Request.
  Time since last request: 0.000015 seconds.
  path: Assets/Tile/wallandwater/tileset-sliced_395.asset
  artifactKey: Guid(e9892d7187da578408a56c43cdb2cf94) Importer(815301076,1909f56bfc062723c751e8b465ee728b)
Start importing Assets/Tile/wallandwater/tileset-sliced_395.asset using Guid(e9892d7187da578408a56c43cdb2cf94) Importer(815301076,1909f56bfc062723c751e8b465ee728b)  -> (artifact id: '619efe53f13b162cebf67ccc57cfc4d1') in 0.006306 seconds 
========================================================================
Received Import Request.
  Time since last request: 0.000017 seconds.
  path: Assets/Tile/wallandwater/tileset-sliced_397.asset
  artifactKey: Guid(bd4c95a6d9d90764185fb107ae2aef20) Importer(815301076,1909f56bfc062723c751e8b465ee728b)
Start importing Assets/Tile/wallandwater/tileset-sliced_397.asset using Guid(bd4c95a6d9d90764185fb107ae2aef20) Importer(815301076,1909f56bfc062723c751e8b465ee728b)  -> (artifact id: '259996462d20dad4cef09b15db501a56') in 0.008664 seconds 
========================================================================
Received Import Request.
  Time since last request: 0.000020 seconds.
  path: Assets/Tile/wallandwater/tileset-sliced_394.asset
  artifactKey: Guid(4644e6cada162354ca119763d2888def) Importer(815301076,1909f56bfc062723c751e8b465ee728b)
Start importing Assets/Tile/wallandwater/tileset-sliced_394.asset using Guid(4644e6cada162354ca119763d2888def) Importer(815301076,1909f56bfc062723c751e8b465ee728b)  -> (artifact id: '15a3b5c53556703b796fc72bbb7d6a7a') in 0.011513 seconds 
========================================================================
Received Import Request.
  Time since last request: 678.197913 seconds.
  path: Assets/Tile/wallandwater/tileset-sliced_224.asset
  artifactKey: Guid(deab2dabd14516a4eae726dba0095e15) Importer(815301076,1909f56bfc062723c751e8b465ee728b)
Start importing Assets/Tile/wallandwater/tileset-sliced_224.asset using Guid(deab2dabd14516a4eae726dba0095e15) Importer(815301076,1909f56bfc062723c751e8b465ee728b)  -> (artifact id: '4f8aa693569fae278f37f4180e2fa88f') in 0.011408 seconds 
========================================================================
Received Import Request.
  Time since last request: 0.000022 seconds.
  path: Assets/Tile/wallandwater/tileset-sliced_235.asset
  artifactKey: Guid(8c3bb0d47ac2e5646a30a8b2b430191b) Importer(815301076,1909f56bfc062723c751e8b465ee728b)
Start importing Assets/Tile/wallandwater/tileset-sliced_235.asset using Guid(8c3bb0d47ac2e5646a30a8b2b430191b) Importer(815301076,1909f56bfc062723c751e8b465ee728b)  -> (artifact id: 'cbb3462fb0e5a396824bb0022f8102ee') in 0.008085 seconds 
========================================================================
Received Import Request.
  Time since last request: 0.000022 seconds.
  path: Assets/Tile/wallandwater/tileset-sliced_242.asset
  artifactKey: Guid(0452325a1afbf3e4dbf08693b58f1b52) Importer(815301076,1909f56bfc062723c751e8b465ee728b)
Start importing Assets/Tile/wallandwater/tileset-sliced_242.asset using Guid(0452325a1afbf3e4dbf08693b58f1b52) Importer(815301076,1909f56bfc062723c751e8b465ee728b)  -> (artifact id: '4691aefa45c9ae6c62e5aa84b489d640') in 0.021768 seconds 
========================================================================
Received Import Request.
  Time since last request: 0.000019 seconds.
  path: Assets/Tile/wallandwater/tileset-sliced_258.asset
  artifactKey: Guid(667bf0d4354cb5d449658d1557c1e9c4) Importer(815301076,1909f56bfc062723c751e8b465ee728b)
Start importing Assets/Tile/wallandwater/tileset-sliced_258.asset using Guid(667bf0d4354cb5d449658d1557c1e9c4) Importer(815301076,1909f56bfc062723c751e8b465ee728b)  -> (artifact id: '5e22f19ffb6eb0ff9bd1dfac867104d2') in 0.078750 seconds 
========================================================================
Received Import Request.
  Time since last request: 0.000019 seconds.
  path: Assets/Tile/wallandwater/tileset-sliced_261.asset
  artifactKey: Guid(40b36f9aea528ce40a8056bcf492b6dd) Importer(815301076,1909f56bfc062723c751e8b465ee728b)
Start importing Assets/Tile/wallandwater/tileset-sliced_261.asset using Guid(40b36f9aea528ce40a8056bcf492b6dd) Importer(815301076,1909f56bfc062723c751e8b465ee728b)  -> (artifact id: '93caf72778f9199a6865994cccbb64a6') in 0.007853 seconds 
========================================================================
Received Import Request.
  Time since last request: 0.000020 seconds.
  path: Assets/Tile/wallandwater/tileset-sliced_260.asset
  artifactKey: Guid(6aa4ef209ad92b94e9b6a3a811bfaddb) Importer(815301076,1909f56bfc062723c751e8b465ee728b)
Start importing Assets/Tile/wallandwater/tileset-sliced_260.asset using Guid(6aa4ef209ad92b94e9b6a3a811bfaddb) Importer(815301076,1909f56bfc062723c751e8b465ee728b)  -> (artifact id: 'afbb01d76d4ba857b7f41a2a383ce219') in 0.007655 seconds 
========================================================================
Received Import Request.
  Time since last request: 0.000021 seconds.
  path: Assets/Tile/wallandwater/tileset-sliced_259.asset
  artifactKey: Guid(7db36548ffd5d124fb6ebe5a905e2e62) Importer(815301076,1909f56bfc062723c751e8b465ee728b)
Start importing Assets/Tile/wallandwater/tileset-sliced_259.asset using Guid(7db36548ffd5d124fb6ebe5a905e2e62) Importer(815301076,1909f56bfc062723c751e8b465ee728b)  -> (artifact id: 'ba576f6069829d461bdc869cc9a0e4b4') in 0.009722 seconds 
========================================================================
Received Prepare
Registering precompiled user dll's ...
Registered in 0.014352 seconds.
Begin MonoManager ReloadAssembly
Symbol file LoadedFromMemory doesn't match image D:\github\2.5DRPGAttempt\RPGAttempt\Library\PackageCache\com.unity.visualscripting@1.7.8\Editor\VisualScripting.Core\Dependencies\YamlDotNet\Unity.VisualScripting.YamlDotNet.dll
Symbol file LoadedFromMemory doesn't match image D:\github\2.5DRPGAttempt\RPGAttempt\Library\PackageCache\com.unity.visualscripting@1.7.8\Editor\VisualScripting.Core\Dependencies\DotNetZip\Unity.VisualScripting.IonicZip.dll
Native extension for WindowsStandalone target not found
Native extension for WebGL target not found
Refreshing native plugins compatible for Editor in 0.70 ms, found 4 plugins.
Preloading 0 native plugins for Editor in 0.00 ms.
Mono: successfully reloaded assembly
- Completed reload, in  0.846 seconds
Domain Reload Profiling:
	ReloadAssembly (846ms)
		BeginReloadAssembly (123ms)
			ExecutionOrderSort (0ms)
			DisableScriptedObjects (5ms)
			BackupInstance (0ms)
			ReleaseScriptingObjects (0ms)
			CreateAndSetChildDomain (35ms)
		EndReloadAssembly (634ms)
			LoadAssemblies (86ms)
			RebuildTransferFunctionScriptingTraits (0ms)
			SetupTypeCache (186ms)
			ReleaseScriptCaches (1ms)
			RebuildScriptCaches (33ms)
			SetupLoadedEditorAssemblies (274ms)
				LogAssemblyErrors (0ms)
				InitializePlatformSupportModulesInManaged (10ms)
				SetLoadedEditorAssemblies (0ms)
				RefreshPlugins (1ms)
				BeforeProcessingInitializeOnLoad (62ms)
				ProcessInitializeOnLoadAttributes (158ms)
				ProcessInitializeOnLoadMethodAttributes (30ms)
				AfterProcessingInitializeOnLoad (11ms)
				EditorAssembliesLoaded (0ms)
			ExecutionOrderSort2 (0ms)
			AwakeInstancesAfterBackupRestoration (18ms)
Platform modules already initialized, skipping
Refreshing native plugins compatible for Editor in 2.94 ms, found 4 plugins.
Preloading 0 native plugins for Editor in 0.00 ms.
Unloading 4068 Unused Serialized files (Serialized files now loaded: 0)
Unloading 31 unused Assets / (189.5 KB). Loaded Objects now: 4531.
Memory consumption went from 151.6 MB to 151.4 MB.
Total: 2.644900 ms (FindLiveObjects: 0.210500 ms CreateObjectMapping: 0.149400 ms MarkObjects: 2.157400 ms  DeleteObjects: 0.126600 ms)

AssetImportParameters requested are different than current active one (requested -> active):
  custom:video-decoder-ogg-theora: a1e56fd34408186e4bbccfd4996cb3dc -> 
  custom:container-muxer-webm: aa71ff27fc2769a1b78a27578f13a17b -> 
  custom:container-demuxer-webm: 4f35f7cbe854078d1ac9338744f61a02 -> 
  custom:video-encoder-webm-vp8: eb34c28f22e8b96e1ab97ce403110664 -> 
  custom:audio-encoder-webm-vorbis: bf7c407c2cedff20999df2af8eb42d56 -> 
  custom:framework-win-MediaFoundation: 216162199b28c13a410421893ffa2e32 -> 
  custom:container-demuxer-ogg: 62fdf1f143b41e24485cea50d1cbac27 -> 
  custom:video-decoder-webm-vp8: 9c59270c3fd7afecdb556c50c9e8de78 -> 
  custom:audio-decoder-ogg-vorbis: bf7c407c2cedff20999df2af8eb42d56 -> 
Editor requested this worker to shutdown with reason: Scaling down because of idle timeout
AssetImportWorker is now disconnected from the server
Process exiting
Exiting without the bug reporter. Application will terminate with return code 0