Using pre-set license
Built from '2021.3/china_unity/release' branch; Version is '2021.3.8f1c1 (c20728c1e961) revision 12715816'; Using compiler version '192829333'; Build Type 'Release'
OS: 'Windows 10  (10.0.19042) 64bit Professional' Language: 'zh' Physical Memory: 16310 MB
BatchMode: 1, IsHumanControllingUs: 0, StartBugReporterOnCrash: 0, Is64bit: 1, IsPro: 1

COMMAND LINE ARGUMENTS:
D:\UnityEditor\2021.3.8f1c1\Editor\Unity.exe
-adb2
-batchMode
-noUpm
-name
AssetImportWorker7
-projectPath
D:/github/2.5DRPGAttempt/RPGAttempt
-logFile
Logs/AssetImportWorker7.log
-srvPort
53051
Successfully changed project path to: D:/github/2.5DRPGAttempt/RPGAttempt
D:/github/2.5DRPGAttempt/RPGAttempt
[UnityMemory] Configuration Parameters - Can be set up in boot.config
    "memorysetup-bucket-allocator-granularity=16"
    "memorysetup-bucket-allocator-bucket-count=8"
    "memorysetup-bucket-allocator-block-size=33554432"
    "memorysetup-bucket-allocator-block-count=8"
    "memorysetup-main-allocator-block-size=16777216"
    "memorysetup-thread-allocator-block-size=16777216"
    "memorysetup-gfx-main-allocator-block-size=16777216"
    "memorysetup-gfx-thread-allocator-block-size=16777216"
    "memorysetup-cache-allocator-block-size=4194304"
    "memorysetup-typetree-allocator-block-size=2097152"
    "memorysetup-profiler-bucket-allocator-granularity=16"
    "memorysetup-profiler-bucket-allocator-bucket-count=8"
    "memorysetup-profiler-bucket-allocator-block-size=33554432"
    "memorysetup-profiler-bucket-allocator-block-count=8"
    "memorysetup-profiler-allocator-block-size=16777216"
    "memorysetup-profiler-editor-allocator-block-size=1048576"
    "memorysetup-temp-allocator-size-main=16777216"
    "memorysetup-job-temp-allocator-block-size=2097152"
    "memorysetup-job-temp-allocator-block-size-background=1048576"
    "memorysetup-job-temp-allocator-reduction-small-platforms=262144"
    "memorysetup-temp-allocator-size-background-worker=32768"
    "memorysetup-temp-allocator-size-job-worker=262144"
    "memorysetup-temp-allocator-size-preload-manager=33554432"
    "memorysetup-temp-allocator-size-nav-mesh-worker=65536"
    "memorysetup-temp-allocator-size-audio-worker=65536"
    "memorysetup-temp-allocator-size-cloud-worker=32768"
    "memorysetup-temp-allocator-size-gi-baking-worker=262144"
    "memorysetup-temp-allocator-size-gfx=262144"
AS: AutoStreaming module initializing.
Refreshing native plugins compatible for Editor in 79.77 ms, found 4 plugins.
Preloading 0 native plugins for Editor in 0.00 ms.
Initialize engine version: 2021.3.8f1c1 (c20728c1e961)
[Subsystems] Discovering subsystems at path D:/UnityEditor/2021.3.8f1c1/Editor/Data/Resources/UnitySubsystems
[Subsystems] Discovering subsystems at path D:/github/2.5DRPGAttempt/RPGAttempt/Assets
GfxDevice: creating device client; threaded=0; jobified=0
Direct3D:
    Version:  Direct3D 11.0 [level 11.1]
    Renderer: NVIDIA GeForce RTX 3070 (ID=0x2488)
    Vendor:   NVIDIA
    VRAM:     8043 MB
    Driver:   30.0.14.9649
Initialize mono
Mono path[0] = 'D:/UnityEditor/2021.3.8f1c1/Editor/Data/Managed'
Mono path[1] = 'D:/UnityEditor/2021.3.8f1c1/Editor/Data/MonoBleedingEdge/lib/mono/unityjit-win32'
Mono config path = 'D:/UnityEditor/2021.3.8f1c1/Editor/Data/MonoBleedingEdge/etc'
Using monoOptions --debugger-agent=transport=dt_socket,embedding=1,server=y,suspend=n,address=127.0.0.1:56628
Begin MonoManager ReloadAssembly
Registering precompiled unity dll's ...
Register platform support module: D:/UnityEditor/2021.3.8f1c1/Editor/Data/PlaybackEngines/WebGLSupport/UnityEditor.WebGL.Extensions.dll
Register platform support module: D:/UnityEditor/2021.3.8f1c1/Editor/Data/PlaybackEngines/WindowsStandaloneSupport/UnityEditor.WindowsStandalone.Extensions.dll
Registered in 0.003967 seconds.
Native extension for WindowsStandalone target not found
Native extension for WebGL target not found
Refreshing native plugins compatible for Editor in 83.24 ms, found 4 plugins.
Preloading 0 native plugins for Editor in 0.00 ms.
Mono: successfully reloaded assembly
- Completed reload, in  0.569 seconds
Domain Reload Profiling:
	ReloadAssembly (569ms)
		BeginReloadAssembly (73ms)
			ExecutionOrderSort (0ms)
			DisableScriptedObjects (0ms)
			BackupInstance (0ms)
			ReleaseScriptingObjects (0ms)
			CreateAndSetChildDomain (1ms)
		EndReloadAssembly (385ms)
			LoadAssemblies (69ms)
			RebuildTransferFunctionScriptingTraits (0ms)
			SetupTypeCache (92ms)
			ReleaseScriptCaches (0ms)
			RebuildScriptCaches (21ms)
			SetupLoadedEditorAssemblies (220ms)
				LogAssemblyErrors (0ms)
				InitializePlatformSupportModulesInManaged (7ms)
				SetLoadedEditorAssemblies (0ms)
				RefreshPlugins (83ms)
				BeforeProcessingInitializeOnLoad (1ms)
				ProcessInitializeOnLoadAttributes (91ms)
				ProcessInitializeOnLoadMethodAttributes (37ms)
				AfterProcessingInitializeOnLoad (0ms)
				EditorAssembliesLoaded (0ms)
			ExecutionOrderSort2 (0ms)
			AwakeInstancesAfterBackupRestoration (0ms)
Platform modules already initialized, skipping
Registering precompiled user dll's ...
Registered in 0.016984 seconds.
Begin MonoManager ReloadAssembly
Symbol file LoadedFromMemory doesn't match image D:\github\2.5DRPGAttempt\RPGAttempt\Library\PackageCache\com.unity.visualscripting@1.7.8\Editor\VisualScripting.Core\Dependencies\YamlDotNet\Unity.VisualScripting.YamlDotNet.dll
Symbol file LoadedFromMemory doesn't match image D:\github\2.5DRPGAttempt\RPGAttempt\Library\PackageCache\com.unity.visualscripting@1.7.8\Editor\VisualScripting.Core\Dependencies\DotNetZip\Unity.VisualScripting.IonicZip.dll
Native extension for WindowsStandalone target not found
Native extension for WebGL target not found
Refreshing native plugins compatible for Editor in 66.23 ms, found 4 plugins.
Preloading 0 native plugins for Editor in 0.00 ms.
Mono: successfully reloaded assembly
- Completed reload, in  0.900 seconds
Domain Reload Profiling:
	ReloadAssembly (900ms)
		BeginReloadAssembly (94ms)
			ExecutionOrderSort (0ms)
			DisableScriptedObjects (5ms)
			BackupInstance (0ms)
			ReleaseScriptingObjects (0ms)
			CreateAndSetChildDomain (17ms)
		EndReloadAssembly (713ms)
			LoadAssemblies (82ms)
			RebuildTransferFunctionScriptingTraits (0ms)
			SetupTypeCache (169ms)
			ReleaseScriptCaches (1ms)
			RebuildScriptCaches (42ms)
			SetupLoadedEditorAssemblies (375ms)
				LogAssemblyErrors (0ms)
				InitializePlatformSupportModulesInManaged (4ms)
				SetLoadedEditorAssemblies (0ms)
				RefreshPlugins (66ms)
				BeforeProcessingInitializeOnLoad (77ms)
				ProcessInitializeOnLoadAttributes (185ms)
				ProcessInitializeOnLoadMethodAttributes (32ms)
				AfterProcessingInitializeOnLoad (10ms)
				EditorAssembliesLoaded (0ms)
			ExecutionOrderSort2 (0ms)
			AwakeInstancesAfterBackupRestoration (10ms)
Platform modules already initialized, skipping
========================================================================
Worker process is ready to serve import requests
Launched and connected shader compiler UnityShaderCompiler.exe after 0.04 seconds
Refreshing native plugins compatible for Editor in 0.75 ms, found 4 plugins.
Preloading 0 native plugins for Editor in 0.00 ms.
Unloading 4073 Unused Serialized files (Serialized files now loaded: 0)
Unloading 44 unused Assets / (222.4 KB). Loaded Objects now: 4525.
Memory consumption went from 151.6 MB to 151.4 MB.
Total: 3.312400 ms (FindLiveObjects: 0.471000 ms CreateObjectMapping: 0.256900 ms MarkObjects: 2.450300 ms  DeleteObjects: 0.133000 ms)

AssetImportParameters requested are different than current active one (requested -> active):
  custom:video-decoder-ogg-theora: a1e56fd34408186e4bbccfd4996cb3dc -> 
  custom:container-muxer-webm: aa71ff27fc2769a1b78a27578f13a17b -> 
  custom:container-demuxer-webm: 4f35f7cbe854078d1ac9338744f61a02 -> 
  custom:video-encoder-webm-vp8: eb34c28f22e8b96e1ab97ce403110664 -> 
  custom:audio-encoder-webm-vorbis: bf7c407c2cedff20999df2af8eb42d56 -> 
  custom:framework-win-MediaFoundation: 216162199b28c13a410421893ffa2e32 -> 
  custom:container-demuxer-ogg: 62fdf1f143b41e24485cea50d1cbac27 -> 
  custom:video-decoder-webm-vp8: 9c59270c3fd7afecdb556c50c9e8de78 -> 
  custom:audio-decoder-ogg-vorbis: bf7c407c2cedff20999df2af8eb42d56 -> 
========================================================================
Received Import Request.
  Time since last request: 31102.990875 seconds.
  path: Assets/Tile/wallandwater/tileset-sliced_228.asset
  artifactKey: Guid(4f74159a465d4304ab23bc8aca22b4b5) Importer(815301076,1909f56bfc062723c751e8b465ee728b)
Start importing Assets/Tile/wallandwater/tileset-sliced_228.asset using Guid(4f74159a465d4304ab23bc8aca22b4b5) Importer(815301076,1909f56bfc062723c751e8b465ee728b)  -> (artifact id: '45eaa1c21f1fb047d1fa590ef5dd0cee') in 0.068838 seconds 
========================================================================
Received Import Request.
  Time since last request: 0.000023 seconds.
  path: Assets/Tile/wallandwater/tileset-sliced_234.asset
  artifactKey: Guid(e891445a5d273f24aa99b9f07217e559) Importer(815301076,1909f56bfc062723c751e8b465ee728b)
Start importing Assets/Tile/wallandwater/tileset-sliced_234.asset using Guid(e891445a5d273f24aa99b9f07217e559) Importer(815301076,1909f56bfc062723c751e8b465ee728b)  -> (artifact id: 'edb83179d33b29fd9a7a9e61927c532a') in 0.023715 seconds 
========================================================================
Received Import Request.
  Time since last request: 0.000032 seconds.
  path: Assets/Tile/wallandwater/tileset-sliced_239.asset
  artifactKey: Guid(46b90564651ab6542a549236bbf80940) Importer(815301076,1909f56bfc062723c751e8b465ee728b)
Start importing Assets/Tile/wallandwater/tileset-sliced_239.asset using Guid(46b90564651ab6542a549236bbf80940) Importer(815301076,1909f56bfc062723c751e8b465ee728b)  -> (artifact id: '2eee680db7b35e1aa4e383d3cc30dad6') in 0.013908 seconds 
========================================================================
Received Import Request.
  Time since last request: 0.408941 seconds.
  path: Assets/Tile/wallandwater/tileset-sliced_244.asset
  artifactKey: Guid(3860ae118565800468dd4b227e9ab0f0) Importer(815301076,1909f56bfc062723c751e8b465ee728b)
Start importing Assets/Tile/wallandwater/tileset-sliced_244.asset using Guid(3860ae118565800468dd4b227e9ab0f0) Importer(815301076,1909f56bfc062723c751e8b465ee728b)  -> (artifact id: '8439cca9590b227dc49de77d1af517f9') in 0.008778 seconds 
========================================================================
Received Import Request.
  Time since last request: 0.000018 seconds.
  path: Assets/Tile/wallandwater/tileset-sliced_255.asset
  artifactKey: Guid(552a547a2b9cc0546984a7471f32e243) Importer(815301076,1909f56bfc062723c751e8b465ee728b)
Start importing Assets/Tile/wallandwater/tileset-sliced_255.asset using Guid(552a547a2b9cc0546984a7471f32e243) Importer(815301076,1909f56bfc062723c751e8b465ee728b)  -> (artifact id: '07531b710b5373db198a6eecfe695410') in 0.008709 seconds 
========================================================================
Received Import Request.
  Time since last request: 0.000017 seconds.
  path: Assets/Tile/wallandwater/tileset-sliced_253.asset
  artifactKey: Guid(5ef87cbaeb78c684daf399379131a7d4) Importer(815301076,1909f56bfc062723c751e8b465ee728b)
Start importing Assets/Tile/wallandwater/tileset-sliced_253.asset using Guid(5ef87cbaeb78c684daf399379131a7d4) Importer(815301076,1909f56bfc062723c751e8b465ee728b)  -> (artifact id: 'b2b5859163823a0c2a46fb4a9db7270d') in 0.009299 seconds 
========================================================================
Received Import Request.
  Time since last request: 0.000015 seconds.
  path: Assets/Tile/wallandwater/tileset-sliced_256.asset
  artifactKey: Guid(56f46c1fc6a956147863c0e11f2d33eb) Importer(815301076,1909f56bfc062723c751e8b465ee728b)
Start importing Assets/Tile/wallandwater/tileset-sliced_256.asset using Guid(56f46c1fc6a956147863c0e11f2d33eb) Importer(815301076,1909f56bfc062723c751e8b465ee728b)  -> (artifact id: '7ea4b2072cfb45f4182e2ba56bf0511a') in 0.014345 seconds 
========================================================================
Received Import Request.
  Time since last request: 0.000018 seconds.
  path: Assets/Tile/wallandwater/tileset-sliced_246.asset
  artifactKey: Guid(7081c8103e8dc9d41b578220a1fa23a7) Importer(815301076,1909f56bfc062723c751e8b465ee728b)
Start importing Assets/Tile/wallandwater/tileset-sliced_246.asset using Guid(7081c8103e8dc9d41b578220a1fa23a7) Importer(815301076,1909f56bfc062723c751e8b465ee728b)  -> (artifact id: '9c6f9fe0b12d463ab68fbe1d4d3de4bc') in 0.008145 seconds 
========================================================================
Received Import Request.
  Time since last request: 0.013964 seconds.
  path: Assets/Tile/wallandwater/tileset-sliced_260.asset
  artifactKey: Guid(6aa4ef209ad92b94e9b6a3a811bfaddb) Importer(815301076,1909f56bfc062723c751e8b465ee728b)
Start importing Assets/Tile/wallandwater/tileset-sliced_260.asset using Guid(6aa4ef209ad92b94e9b6a3a811bfaddb) Importer(815301076,1909f56bfc062723c751e8b465ee728b)  -> (artifact id: '3a42e206ad0d11cc37b286c4094f936a') in 0.017573 seconds 
========================================================================
Received Import Request.
  Time since last request: 0.000016 seconds.
  path: Assets/Tile/wallandwater/tileset-sliced_268.asset
  artifactKey: Guid(4afa3b6e763a1f34db914f609cdbb871) Importer(815301076,1909f56bfc062723c751e8b465ee728b)
Start importing Assets/Tile/wallandwater/tileset-sliced_268.asset using Guid(4afa3b6e763a1f34db914f609cdbb871) Importer(815301076,1909f56bfc062723c751e8b465ee728b)  -> (artifact id: '320c6c7f447427fb0a61945e4530e709') in 0.034578 seconds 
========================================================================
Received Import Request.
  Time since last request: 0.000021 seconds.
  path: Assets/Tile/wallandwater/tileset-sliced_270.asset
  artifactKey: Guid(825e3aea494522f4daeced9adedfa263) Importer(815301076,1909f56bfc062723c751e8b465ee728b)
Start importing Assets/Tile/wallandwater/tileset-sliced_270.asset using Guid(825e3aea494522f4daeced9adedfa263) Importer(815301076,1909f56bfc062723c751e8b465ee728b)  -> (artifact id: '4a044ae77e974e4357417f7063b97267') in 0.012183 seconds 
========================================================================
Received Import Request.
  Time since last request: 0.126173 seconds.
  path: Assets/Tile/wallandwater/tileset-sliced_276.asset
  artifactKey: Guid(4499110e754d0a24ea45940622afd53a) Importer(815301076,1909f56bfc062723c751e8b465ee728b)
Start importing Assets/Tile/wallandwater/tileset-sliced_276.asset using Guid(4499110e754d0a24ea45940622afd53a) Importer(815301076,1909f56bfc062723c751e8b465ee728b)  -> (artifact id: 'e8320a1e1ecdcb3ffbc1dc8e7619e082') in 0.009660 seconds 
========================================================================
Received Import Request.
  Time since last request: 0.000018 seconds.
  path: Assets/Tile/wallandwater/tileset-sliced_282.asset
  artifactKey: Guid(92f22dd1f3663ce43a6b63b11840668a) Importer(815301076,1909f56bfc062723c751e8b465ee728b)
Start importing Assets/Tile/wallandwater/tileset-sliced_282.asset using Guid(92f22dd1f3663ce43a6b63b11840668a) Importer(815301076,1909f56bfc062723c751e8b465ee728b)  -> (artifact id: '2272f4b888ee2e03a3120d50424dc925') in 0.008516 seconds 
========================================================================
Received Import Request.
  Time since last request: 0.000017 seconds.
  path: Assets/Tile/wallandwater/tileset-sliced_281.asset
  artifactKey: Guid(624289fa7835f9a4288a376c43d3411b) Importer(815301076,1909f56bfc062723c751e8b465ee728b)
Start importing Assets/Tile/wallandwater/tileset-sliced_281.asset using Guid(624289fa7835f9a4288a376c43d3411b) Importer(815301076,1909f56bfc062723c751e8b465ee728b)  -> (artifact id: 'd22c82885f3f1b2d068a5187a212c29c') in 0.007883 seconds 
========================================================================
Received Import Request.
  Time since last request: 0.000019 seconds.
  path: Assets/Tile/wallandwater/tileset-sliced_288.asset
  artifactKey: Guid(734b8704ae1358442bb4890fb9450f5c) Importer(815301076,1909f56bfc062723c751e8b465ee728b)
Start importing Assets/Tile/wallandwater/tileset-sliced_288.asset using Guid(734b8704ae1358442bb4890fb9450f5c) Importer(815301076,1909f56bfc062723c751e8b465ee728b)  -> (artifact id: '5497da7827d50fc2d17999d5e2308b00') in 0.008214 seconds 
========================================================================
Received Import Request.
  Time since last request: 0.067025 seconds.
  path: Assets/Tile/wallandwater/tileset-sliced_292.asset
  artifactKey: Guid(ed47cfb5461eef54492460fee7559c7d) Importer(815301076,1909f56bfc062723c751e8b465ee728b)
Start importing Assets/Tile/wallandwater/tileset-sliced_292.asset using Guid(ed47cfb5461eef54492460fee7559c7d) Importer(815301076,1909f56bfc062723c751e8b465ee728b)  -> (artifact id: '787af4fd32edf1998e503daef7bbab53') in 0.011118 seconds 
========================================================================
Received Import Request.
  Time since last request: 0.000021 seconds.
  path: Assets/Tile/wallandwater/tileset-sliced_296.asset
  artifactKey: Guid(7d22f02d8f2116e458404762d8010fa3) Importer(815301076,1909f56bfc062723c751e8b465ee728b)
Start importing Assets/Tile/wallandwater/tileset-sliced_296.asset using Guid(7d22f02d8f2116e458404762d8010fa3) Importer(815301076,1909f56bfc062723c751e8b465ee728b)  -> (artifact id: 'effcf67b29ddb26a4d1e5e12bd9f7569') in 0.016733 seconds 
========================================================================
Received Import Request.
  Time since last request: 0.000021 seconds.
  path: Assets/Tile/wallandwater/tileset-sliced_300.asset
  artifactKey: Guid(4f2a5d872a76dbe46959b32642f87684) Importer(815301076,1909f56bfc062723c751e8b465ee728b)
Start importing Assets/Tile/wallandwater/tileset-sliced_300.asset using Guid(4f2a5d872a76dbe46959b32642f87684) Importer(815301076,1909f56bfc062723c751e8b465ee728b)  -> (artifact id: '3bc806db5af32a7d553f153518a73551') in 0.007819 seconds 
========================================================================
Received Import Request.
  Time since last request: 0.000019 seconds.
  path: Assets/Tile/wallandwater/tileset-sliced_299.asset
  artifactKey: Guid(fa6260cc4a75813448919c9ceeb3b7f1) Importer(815301076,1909f56bfc062723c751e8b465ee728b)
Start importing Assets/Tile/wallandwater/tileset-sliced_299.asset using Guid(fa6260cc4a75813448919c9ceeb3b7f1) Importer(815301076,1909f56bfc062723c751e8b465ee728b)  -> (artifact id: 'f8a68590a04eccde14c39ff61c53c1cc') in 0.012317 seconds 
========================================================================
Received Import Request.
  Time since last request: 0.924507 seconds.
  path: Assets/Tile/wallandwater/tileset-sliced_308.asset
  artifactKey: Guid(d2db3c0c6f8136d47af5d2a1ae6c9f9c) Importer(815301076,1909f56bfc062723c751e8b465ee728b)
Start importing Assets/Tile/wallandwater/tileset-sliced_308.asset using Guid(d2db3c0c6f8136d47af5d2a1ae6c9f9c) Importer(815301076,1909f56bfc062723c751e8b465ee728b)  -> (artifact id: '70b31cdeb759a603ef3e23b6f197c9f2') in 0.007036 seconds 
========================================================================
Received Import Request.
  Time since last request: 0.000015 seconds.
  path: Assets/Tile/wallandwater/tileset-sliced_311.asset
  artifactKey: Guid(9c82fb7ff4e46b84cb932004f386a2d2) Importer(815301076,1909f56bfc062723c751e8b465ee728b)
Start importing Assets/Tile/wallandwater/tileset-sliced_311.asset using Guid(9c82fb7ff4e46b84cb932004f386a2d2) Importer(815301076,1909f56bfc062723c751e8b465ee728b)  -> (artifact id: 'eece96dba37c97fc96c131b2fa1151b2') in 0.008384 seconds 
========================================================================
Received Import Request.
  Time since last request: 0.000019 seconds.
  path: Assets/Tile/wallandwater/tileset-sliced_320.asset
  artifactKey: Guid(33231876438974b449a7811f09d306b7) Importer(815301076,1909f56bfc062723c751e8b465ee728b)
Start importing Assets/Tile/wallandwater/tileset-sliced_320.asset using Guid(33231876438974b449a7811f09d306b7) Importer(815301076,1909f56bfc062723c751e8b465ee728b)  -> (artifact id: 'c85f29757b4a93771ec4c06a44fcc72b') in 0.012281 seconds 
========================================================================
Received Import Request.
  Time since last request: 0.000026 seconds.
  path: Assets/Tile/wallandwater/tileset-sliced_314.asset
  artifactKey: Guid(28012862a89c7144ebd113b6856c950a) Importer(815301076,1909f56bfc062723c751e8b465ee728b)
Start importing Assets/Tile/wallandwater/tileset-sliced_314.asset using Guid(28012862a89c7144ebd113b6856c950a) Importer(815301076,1909f56bfc062723c751e8b465ee728b)  -> (artifact id: '650e8a22c43ccdd7e3588f23c7457f41') in 0.008692 seconds 
========================================================================
Received Import Request.
  Time since last request: 0.013612 seconds.
  path: Assets/Tile/wallandwater/tileset-sliced_324.asset
  artifactKey: Guid(a26a3fbb505e4504cbeb122b8a77755c) Importer(815301076,1909f56bfc062723c751e8b465ee728b)
Start importing Assets/Tile/wallandwater/tileset-sliced_324.asset using Guid(a26a3fbb505e4504cbeb122b8a77755c) Importer(815301076,1909f56bfc062723c751e8b465ee728b)  -> (artifact id: '047a073d40f3d2fb68dc8f306c521fec') in 0.013631 seconds 
========================================================================
Received Import Request.
  Time since last request: 0.000016 seconds.
  path: Assets/Tile/wallandwater/tileset-sliced_327.asset
  artifactKey: Guid(33045a3ec2d96b145b5112ce9f5e215a) Importer(815301076,1909f56bfc062723c751e8b465ee728b)
Start importing Assets/Tile/wallandwater/tileset-sliced_327.asset using Guid(33045a3ec2d96b145b5112ce9f5e215a) Importer(815301076,1909f56bfc062723c751e8b465ee728b)  -> (artifact id: '1dc1e966f8a7235b7551524f909e5a13') in 0.008652 seconds 
========================================================================
Received Import Request.
  Time since last request: 0.000019 seconds.
  path: Assets/Tile/wallandwater/tileset-sliced_334.asset
  artifactKey: Guid(4fb2bf525e9125d4ab65d0e00c3f74be) Importer(815301076,1909f56bfc062723c751e8b465ee728b)
Start importing Assets/Tile/wallandwater/tileset-sliced_334.asset using Guid(4fb2bf525e9125d4ab65d0e00c3f74be) Importer(815301076,1909f56bfc062723c751e8b465ee728b)  -> (artifact id: 'f748dca32bcc7b88747a5697e8a2c32f') in 0.008095 seconds 
========================================================================
Received Import Request.
  Time since last request: 0.000027 seconds.
  path: Assets/Tile/wallandwater/tileset-sliced_325.asset
  artifactKey: Guid(aacec73a55cad15438f467ef80613a97) Importer(815301076,1909f56bfc062723c751e8b465ee728b)
Start importing Assets/Tile/wallandwater/tileset-sliced_325.asset using Guid(aacec73a55cad15438f467ef80613a97) Importer(815301076,1909f56bfc062723c751e8b465ee728b)  -> (artifact id: '12491ef9637b90f434251026697df130') in 0.007588 seconds 
========================================================================
Received Import Request.
  Time since last request: 0.128399 seconds.
  path: Assets/Tile/wallandwater/tileset-sliced_340.asset
  artifactKey: Guid(0e0399599b032cf4ea934be298d1e313) Importer(815301076,1909f56bfc062723c751e8b465ee728b)
Start importing Assets/Tile/wallandwater/tileset-sliced_340.asset using Guid(0e0399599b032cf4ea934be298d1e313) Importer(815301076,1909f56bfc062723c751e8b465ee728b)  -> (artifact id: '673c2257eff75ab76caceae94fc34e4d') in 0.008099 seconds 
========================================================================
Received Import Request.
  Time since last request: 0.000019 seconds.
  path: Assets/Tile/wallandwater/tileset-sliced_347.asset
  artifactKey: Guid(636352b54cb815d4885d59adee15518e) Importer(815301076,1909f56bfc062723c751e8b465ee728b)
Start importing Assets/Tile/wallandwater/tileset-sliced_347.asset using Guid(636352b54cb815d4885d59adee15518e) Importer(815301076,1909f56bfc062723c751e8b465ee728b)  -> (artifact id: 'a662241116d9c2b1c723b85d0d8784d2') in 0.015516 seconds 
========================================================================
Received Import Request.
  Time since last request: 0.000022 seconds.
  path: Assets/Tile/wallandwater/tileset-sliced_349.asset
  artifactKey: Guid(7fe2ed54f32e58c41a7e3a0ddf7e687d) Importer(815301076,1909f56bfc062723c751e8b465ee728b)
Start importing Assets/Tile/wallandwater/tileset-sliced_349.asset using Guid(7fe2ed54f32e58c41a7e3a0ddf7e687d) Importer(815301076,1909f56bfc062723c751e8b465ee728b)  -> (artifact id: 'bd6dc478b88fa86d9dcf2665ea9f199f') in 0.008748 seconds 
========================================================================
Received Import Request.
  Time since last request: 0.000014 seconds.
  path: Assets/Tile/wallandwater/tileset-sliced_352.asset
  artifactKey: Guid(35b763964d2d9ec458631c10875cad09) Importer(815301076,1909f56bfc062723c751e8b465ee728b)
Start importing Assets/Tile/wallandwater/tileset-sliced_352.asset using Guid(35b763964d2d9ec458631c10875cad09) Importer(815301076,1909f56bfc062723c751e8b465ee728b)  -> (artifact id: '6bf89a36cb192ef2432ed7ea0b83b69c') in 0.007977 seconds 
========================================================================
Received Import Request.
  Time since last request: 0.555930 seconds.
  path: Assets/Tile/wallandwater/tileset-sliced_356.asset
  artifactKey: Guid(869e7ba7c561a3e4e8dcd7dce472ee35) Importer(815301076,1909f56bfc062723c751e8b465ee728b)
Start importing Assets/Tile/wallandwater/tileset-sliced_356.asset using Guid(869e7ba7c561a3e4e8dcd7dce472ee35) Importer(815301076,1909f56bfc062723c751e8b465ee728b)  -> (artifact id: 'c9400044bdb76fe2121ceb260f9a196e') in 0.007840 seconds 
========================================================================
Received Import Request.
  Time since last request: 0.000014 seconds.
  path: Assets/Tile/wallandwater/tileset-sliced_367.asset
  artifactKey: Guid(93c87ed42c5bace4b81df46c2221f060) Importer(815301076,1909f56bfc062723c751e8b465ee728b)
Start importing Assets/Tile/wallandwater/tileset-sliced_367.asset using Guid(93c87ed42c5bace4b81df46c2221f060) Importer(815301076,1909f56bfc062723c751e8b465ee728b)  -> (artifact id: '3e01b0afdad6de129c6a0f6433bf5345') in 0.010005 seconds 
========================================================================
Received Import Request.
  Time since last request: 0.000016 seconds.
  path: Assets/Tile/wallandwater/tileset-sliced_362.asset
  artifactKey: Guid(1681ab251c10cdd4ab901046124d45e0) Importer(815301076,1909f56bfc062723c751e8b465ee728b)
Start importing Assets/Tile/wallandwater/tileset-sliced_362.asset using Guid(1681ab251c10cdd4ab901046124d45e0) Importer(815301076,1909f56bfc062723c751e8b465ee728b)  -> (artifact id: '65ead7ad81abf016ebbb8284a56fea43') in 0.022977 seconds 
========================================================================
Received Import Request.
  Time since last request: 0.062679 seconds.
  path: Assets/Tile/wallandwater/tileset-sliced_372.asset
  artifactKey: Guid(c8221bbb7ddb13a4b82ede61fdcbbd41) Importer(815301076,1909f56bfc062723c751e8b465ee728b)
Start importing Assets/Tile/wallandwater/tileset-sliced_372.asset using Guid(c8221bbb7ddb13a4b82ede61fdcbbd41) Importer(815301076,1909f56bfc062723c751e8b465ee728b)  -> (artifact id: '553e743432e1166e67f3388c7fddcac8') in 0.007741 seconds 
========================================================================
Received Import Request.
  Time since last request: 0.000016 seconds.
  path: Assets/Tile/wallandwater/tileset-sliced_384.asset
  artifactKey: Guid(4b51cb08daeaf164da8eff8833f6bf8e) Importer(815301076,1909f56bfc062723c751e8b465ee728b)
Start importing Assets/Tile/wallandwater/tileset-sliced_384.asset using Guid(4b51cb08daeaf164da8eff8833f6bf8e) Importer(815301076,1909f56bfc062723c751e8b465ee728b)  -> (artifact id: '9b892f8f2985fec0068814db211a2476') in 0.008662 seconds 
========================================================================
Received Import Request.
  Time since last request: 0.000020 seconds.
  path: Assets/Tile/wallandwater/tileset-sliced_382.asset
  artifactKey: Guid(5bc63388a3e465941a4c1afb2baf88fc) Importer(815301076,1909f56bfc062723c751e8b465ee728b)
Start importing Assets/Tile/wallandwater/tileset-sliced_382.asset using Guid(5bc63388a3e465941a4c1afb2baf88fc) Importer(815301076,1909f56bfc062723c751e8b465ee728b)  -> (artifact id: '53930a65f3d0df7c0ee005bd599c1142') in 0.007641 seconds 
========================================================================
Received Import Request.
  Time since last request: 0.000015 seconds.
  path: Assets/Tile/wallandwater/tileset-sliced_381.asset
  artifactKey: Guid(d02297f760c7d114b95f9d665defb726) Importer(815301076,1909f56bfc062723c751e8b465ee728b)
Start importing Assets/Tile/wallandwater/tileset-sliced_381.asset using Guid(d02297f760c7d114b95f9d665defb726) Importer(815301076,1909f56bfc062723c751e8b465ee728b)  -> (artifact id: '5480deb77dc799f7ea57ad7984714573') in 0.009330 seconds 
========================================================================
Received Import Request.
  Time since last request: 0.176997 seconds.
  path: Assets/Tile/wallandwater/tileset-sliced_388.asset
  artifactKey: Guid(3b7f3135a7f6c5d41bfde612e4ebf014) Importer(815301076,1909f56bfc062723c751e8b465ee728b)
Start importing Assets/Tile/wallandwater/tileset-sliced_388.asset using Guid(3b7f3135a7f6c5d41bfde612e4ebf014) Importer(815301076,1909f56bfc062723c751e8b465ee728b)  -> (artifact id: '300db9369da7d78042a94deaa97bb8bc') in 0.010399 seconds 
========================================================================
Received Import Request.
  Time since last request: 0.000016 seconds.
  path: Assets/Tile/wallandwater/tileset-sliced_399.asset
  artifactKey: Guid(fa68dd8e5dcdeb74bb9b28d413deb5a1) Importer(815301076,1909f56bfc062723c751e8b465ee728b)
Start importing Assets/Tile/wallandwater/tileset-sliced_399.asset using Guid(fa68dd8e5dcdeb74bb9b28d413deb5a1) Importer(815301076,1909f56bfc062723c751e8b465ee728b)  -> (artifact id: '01cf4554bd4e2abdb7e214ed3a24f2e1') in 0.012219 seconds 
========================================================================
Received Import Request.
  Time since last request: 0.000015 seconds.
  path: Assets/Tile/wallandwater/tileset-sliced_390.asset
  artifactKey: Guid(1be6f822c1a44d448a89c8959551966a) Importer(815301076,1909f56bfc062723c751e8b465ee728b)
Start importing Assets/Tile/wallandwater/tileset-sliced_390.asset using Guid(1be6f822c1a44d448a89c8959551966a) Importer(815301076,1909f56bfc062723c751e8b465ee728b)  -> (artifact id: '4c067eab74d11e6bc703d8d99c68bd0f') in 0.008734 seconds 
Editor requested this worker to shutdown with reason: Scaling down because of idle timeout
AssetImportWorker is now disconnected from the server
Process exiting
Exiting without the bug reporter. Application will terminate with return code 0