Using pre-set license
Built from '2021.3/china_unity/release' branch; Version is '2021.3.8f1c1 (c20728c1e961) revision 12715816'; Using compiler version '192829333'; Build Type 'Release'
OS: 'Windows 10  (10.0.19042) 64bit Professional' Language: 'zh' Physical Memory: 16310 MB
BatchMode: 1, IsHumanControllingUs: 0, StartBugReporterOnCrash: 0, Is64bit: 1, IsPro: 1

COMMAND LINE ARGUMENTS:
D:\UnityEditor\2021.3.8f1c1\Editor\Unity.exe
-adb2
-batchMode
-noUpm
-name
AssetImportWorker4
-projectPath
D:/github/2.5DRPGAttempt/RPGAttempt
-logFile
Logs/AssetImportWorker4.log
-srvPort
53051
Successfully changed project path to: D:/github/2.5DRPGAttempt/RPGAttempt
D:/github/2.5DRPGAttempt/RPGAttempt
[UnityMemory] Configuration Parameters - Can be set up in boot.config
    "memorysetup-bucket-allocator-granularity=16"
    "memorysetup-bucket-allocator-bucket-count=8"
    "memorysetup-bucket-allocator-block-size=33554432"
    "memorysetup-bucket-allocator-block-count=8"
    "memorysetup-main-allocator-block-size=16777216"
    "memorysetup-thread-allocator-block-size=16777216"
    "memorysetup-gfx-main-allocator-block-size=16777216"
    "memorysetup-gfx-thread-allocator-block-size=16777216"
    "memorysetup-cache-allocator-block-size=4194304"
    "memorysetup-typetree-allocator-block-size=2097152"
    "memorysetup-profiler-bucket-allocator-granularity=16"
    "memorysetup-profiler-bucket-allocator-bucket-count=8"
    "memorysetup-profiler-bucket-allocator-block-size=33554432"
    "memorysetup-profiler-bucket-allocator-block-count=8"
    "memorysetup-profiler-allocator-block-size=16777216"
    "memorysetup-profiler-editor-allocator-block-size=1048576"
    "memorysetup-temp-allocator-size-main=16777216"
    "memorysetup-job-temp-allocator-block-size=2097152"
    "memorysetup-job-temp-allocator-block-size-background=1048576"
    "memorysetup-job-temp-allocator-reduction-small-platforms=262144"
    "memorysetup-temp-allocator-size-background-worker=32768"
    "memorysetup-temp-allocator-size-job-worker=262144"
    "memorysetup-temp-allocator-size-preload-manager=33554432"
    "memorysetup-temp-allocator-size-nav-mesh-worker=65536"
    "memorysetup-temp-allocator-size-audio-worker=65536"
    "memorysetup-temp-allocator-size-cloud-worker=32768"
    "memorysetup-temp-allocator-size-gi-baking-worker=262144"
    "memorysetup-temp-allocator-size-gfx=262144"
AS: AutoStreaming module initializing.
Refreshing native plugins compatible for Editor in 74.29 ms, found 4 plugins.
Preloading 0 native plugins for Editor in 0.00 ms.
Initialize engine version: 2021.3.8f1c1 (c20728c1e961)
[Subsystems] Discovering subsystems at path D:/UnityEditor/2021.3.8f1c1/Editor/Data/Resources/UnitySubsystems
[Subsystems] Discovering subsystems at path D:/github/2.5DRPGAttempt/RPGAttempt/Assets
GfxDevice: creating device client; threaded=0; jobified=0
Direct3D:
    Version:  Direct3D 11.0 [level 11.1]
    Renderer: NVIDIA GeForce RTX 3070 (ID=0x2488)
    Vendor:   NVIDIA
    VRAM:     8043 MB
    Driver:   30.0.14.9649
Initialize mono
Mono path[0] = 'D:/UnityEditor/2021.3.8f1c1/Editor/Data/Managed'
Mono path[1] = 'D:/UnityEditor/2021.3.8f1c1/Editor/Data/MonoBleedingEdge/lib/mono/unityjit-win32'
Mono config path = 'D:/UnityEditor/2021.3.8f1c1/Editor/Data/MonoBleedingEdge/etc'
Using monoOptions --debugger-agent=transport=dt_socket,embedding=1,server=y,suspend=n,address=127.0.0.1:56560
Begin MonoManager ReloadAssembly
Registering precompiled unity dll's ...
Register platform support module: D:/UnityEditor/2021.3.8f1c1/Editor/Data/PlaybackEngines/WebGLSupport/UnityEditor.WebGL.Extensions.dll
Register platform support module: D:/UnityEditor/2021.3.8f1c1/Editor/Data/PlaybackEngines/WindowsStandaloneSupport/UnityEditor.WindowsStandalone.Extensions.dll
Registered in 0.003964 seconds.
Native extension for WindowsStandalone target not found
Native extension for WebGL target not found
Refreshing native plugins compatible for Editor in 63.56 ms, found 4 plugins.
Preloading 0 native plugins for Editor in 0.00 ms.
Mono: successfully reloaded assembly
- Completed reload, in  0.467 seconds
Domain Reload Profiling:
	ReloadAssembly (467ms)
		BeginReloadAssembly (66ms)
			ExecutionOrderSort (0ms)
			DisableScriptedObjects (0ms)
			BackupInstance (0ms)
			ReleaseScriptingObjects (0ms)
			CreateAndSetChildDomain (1ms)
		EndReloadAssembly (317ms)
			LoadAssemblies (63ms)
			RebuildTransferFunctionScriptingTraits (0ms)
			SetupTypeCache (69ms)
			ReleaseScriptCaches (0ms)
			RebuildScriptCaches (18ms)
			SetupLoadedEditorAssemblies (191ms)
				LogAssemblyErrors (0ms)
				InitializePlatformSupportModulesInManaged (6ms)
				SetLoadedEditorAssemblies (0ms)
				RefreshPlugins (64ms)
				BeforeProcessingInitializeOnLoad (1ms)
				ProcessInitializeOnLoadAttributes (84ms)
				ProcessInitializeOnLoadMethodAttributes (36ms)
				AfterProcessingInitializeOnLoad (0ms)
				EditorAssembliesLoaded (0ms)
			ExecutionOrderSort2 (0ms)
			AwakeInstancesAfterBackupRestoration (0ms)
Platform modules already initialized, skipping
Registering precompiled user dll's ...
Registered in 0.015273 seconds.
Begin MonoManager ReloadAssembly
Symbol file LoadedFromMemory doesn't match image D:\github\2.5DRPGAttempt\RPGAttempt\Library\PackageCache\com.unity.visualscripting@1.7.8\Editor\VisualScripting.Core\Dependencies\YamlDotNet\Unity.VisualScripting.YamlDotNet.dll
Symbol file LoadedFromMemory doesn't match image D:\github\2.5DRPGAttempt\RPGAttempt\Library\PackageCache\com.unity.visualscripting@1.7.8\Editor\VisualScripting.Core\Dependencies\DotNetZip\Unity.VisualScripting.IonicZip.dll
Native extension for WindowsStandalone target not found
Native extension for WebGL target not found
Refreshing native plugins compatible for Editor in 64.09 ms, found 4 plugins.
Preloading 0 native plugins for Editor in 0.00 ms.
Mono: successfully reloaded assembly
- Completed reload, in  0.838 seconds
Domain Reload Profiling:
	ReloadAssembly (839ms)
		BeginReloadAssembly (87ms)
			ExecutionOrderSort (0ms)
			DisableScriptedObjects (4ms)
			BackupInstance (0ms)
			ReleaseScriptingObjects (0ms)
			CreateAndSetChildDomain (14ms)
		EndReloadAssembly (663ms)
			LoadAssemblies (81ms)
			RebuildTransferFunctionScriptingTraits (0ms)
			SetupTypeCache (164ms)
			ReleaseScriptCaches (0ms)
			RebuildScriptCaches (36ms)
			SetupLoadedEditorAssemblies (343ms)
				LogAssemblyErrors (0ms)
				InitializePlatformSupportModulesInManaged (3ms)
				SetLoadedEditorAssemblies (0ms)
				RefreshPlugins (64ms)
				BeforeProcessingInitializeOnLoad (73ms)
				ProcessInitializeOnLoadAttributes (161ms)
				ProcessInitializeOnLoadMethodAttributes (32ms)
				AfterProcessingInitializeOnLoad (10ms)
				EditorAssembliesLoaded (0ms)
			ExecutionOrderSort2 (0ms)
			AwakeInstancesAfterBackupRestoration (10ms)
Platform modules already initialized, skipping
========================================================================
Worker process is ready to serve import requests
Launched and connected shader compiler UnityShaderCompiler.exe after 0.05 seconds
Refreshing native plugins compatible for Editor in 0.73 ms, found 4 plugins.
Preloading 0 native plugins for Editor in 0.00 ms.
Unloading 4073 Unused Serialized files (Serialized files now loaded: 0)
Unloading 44 unused Assets / (222.4 KB). Loaded Objects now: 4525.
Memory consumption went from 151.6 MB to 151.4 MB.
Total: 2.756300 ms (FindLiveObjects: 0.247200 ms CreateObjectMapping: 0.161200 ms MarkObjects: 2.232400 ms  DeleteObjects: 0.114800 ms)

AssetImportParameters requested are different than current active one (requested -> active):
  custom:video-decoder-ogg-theora: a1e56fd34408186e4bbccfd4996cb3dc -> 
  custom:container-muxer-webm: aa71ff27fc2769a1b78a27578f13a17b -> 
  custom:container-demuxer-webm: 4f35f7cbe854078d1ac9338744f61a02 -> 
  custom:video-encoder-webm-vp8: eb34c28f22e8b96e1ab97ce403110664 -> 
  custom:audio-encoder-webm-vorbis: bf7c407c2cedff20999df2af8eb42d56 -> 
  custom:framework-win-MediaFoundation: 216162199b28c13a410421893ffa2e32 -> 
  custom:container-demuxer-ogg: 62fdf1f143b41e24485cea50d1cbac27 -> 
  custom:video-decoder-webm-vp8: 9c59270c3fd7afecdb556c50c9e8de78 -> 
  custom:audio-decoder-ogg-vorbis: bf7c407c2cedff20999df2af8eb42d56 -> 
========================================================================
Received Import Request.
  Time since last request: 31048.859024 seconds.
  path: Assets/Tile/wallandwater/tileset-sliced_97.asset
  artifactKey: Guid(106d1d48583042f41a7110eb3b2425bd) Importer(815301076,1909f56bfc062723c751e8b465ee728b)
Start importing Assets/Tile/wallandwater/tileset-sliced_97.asset using Guid(106d1d48583042f41a7110eb3b2425bd) Importer(815301076,1909f56bfc062723c751e8b465ee728b)  -> (artifact id: 'b69ddb22e6c957a4e21099f20abe9a92') in 0.085160 seconds 
========================================================================
Received Import Request.
  Time since last request: 0.000016 seconds.
  path: Assets/Tile/wallandwater/tileset-sliced_112.asset
  artifactKey: Guid(dead16f3ce3fa4f4ebfd5ad525c4e686) Importer(815301076,1909f56bfc062723c751e8b465ee728b)
Start importing Assets/Tile/wallandwater/tileset-sliced_112.asset using Guid(dead16f3ce3fa4f4ebfd5ad525c4e686) Importer(815301076,1909f56bfc062723c751e8b465ee728b)  -> (artifact id: '35df6366595167ac7c6ec7f2d6b08386') in 0.010873 seconds 
========================================================================
Received Import Request.
  Time since last request: 0.000015 seconds.
  path: Assets/Tile/wallandwater/tileset-sliced_111.asset
  artifactKey: Guid(678ae741cd4de654d9d9b73e9200219e) Importer(815301076,1909f56bfc062723c751e8b465ee728b)
Start importing Assets/Tile/wallandwater/tileset-sliced_111.asset using Guid(678ae741cd4de654d9d9b73e9200219e) Importer(815301076,1909f56bfc062723c751e8b465ee728b)  -> (artifact id: 'e4ba3fe39df0d014022d70fcc1786175') in 0.008002 seconds 
========================================================================
Received Import Request.
  Time since last request: 0.000017 seconds.
  path: Assets/Tile/wallandwater/tileset-sliced_104.asset
  artifactKey: Guid(2ad76491791bb974584f05902c8f0c5f) Importer(815301076,1909f56bfc062723c751e8b465ee728b)
Start importing Assets/Tile/wallandwater/tileset-sliced_104.asset using Guid(2ad76491791bb974584f05902c8f0c5f) Importer(815301076,1909f56bfc062723c751e8b465ee728b)  -> (artifact id: '66360cabe7319ad729c125923233e4de') in 0.008580 seconds 
========================================================================
Received Import Request.
  Time since last request: 0.000023 seconds.
  path: Assets/Tile/wallandwater/tileset-sliced_109.asset
  artifactKey: Guid(33af8c07ccd29944bab235ac15ff0b51) Importer(815301076,1909f56bfc062723c751e8b465ee728b)
Start importing Assets/Tile/wallandwater/tileset-sliced_109.asset using Guid(33af8c07ccd29944bab235ac15ff0b51) Importer(815301076,1909f56bfc062723c751e8b465ee728b)  -> (artifact id: 'f944aae094c47de6128a01ea29b5f4d8') in 0.008393 seconds 
========================================================================
Received Import Request.
  Time since last request: 0.000024 seconds.
  path: Assets/Tile/wallandwater/tileset-sliced_106.asset
  artifactKey: Guid(7b3bece2369f1604e88c773d81df78e0) Importer(815301076,1909f56bfc062723c751e8b465ee728b)
Start importing Assets/Tile/wallandwater/tileset-sliced_106.asset using Guid(7b3bece2369f1604e88c773d81df78e0) Importer(815301076,1909f56bfc062723c751e8b465ee728b)  -> (artifact id: '669ed82ec1714aebd35e6e30eb645173') in 0.009336 seconds 
========================================================================
Received Import Request.
  Time since last request: 0.000026 seconds.
  path: Assets/Tile/wallandwater/tileset-sliced_100.asset
  artifactKey: Guid(a1751e35eb2d4b7449a869f4a9a65261) Importer(815301076,1909f56bfc062723c751e8b465ee728b)
Start importing Assets/Tile/wallandwater/tileset-sliced_100.asset using Guid(a1751e35eb2d4b7449a869f4a9a65261) Importer(815301076,1909f56bfc062723c751e8b465ee728b)  -> (artifact id: '6b28ba3f4945fa76694b57c4e2423b33') in 0.009397 seconds 
========================================================================
Received Import Request.
  Time since last request: 0.000015 seconds.
  path: Assets/Tile/wallandwater/tileset-sliced_99.asset
  artifactKey: Guid(5d2d2b582098225469afbe499d45a003) Importer(815301076,1909f56bfc062723c751e8b465ee728b)
Start importing Assets/Tile/wallandwater/tileset-sliced_99.asset using Guid(5d2d2b582098225469afbe499d45a003) Importer(815301076,1909f56bfc062723c751e8b465ee728b)  -> (artifact id: '9cc7af62d71bb3b76bdf440adb4bd668') in 0.013043 seconds 
========================================================================
Received Import Request.
  Time since last request: 0.743323 seconds.
  path: Assets/Tile/wallandwater/tileset-sliced_113.asset
  artifactKey: Guid(5cb874ecf6c0f974a99674257a38a0de) Importer(815301076,1909f56bfc062723c751e8b465ee728b)
Start importing Assets/Tile/wallandwater/tileset-sliced_113.asset using Guid(5cb874ecf6c0f974a99674257a38a0de) Importer(815301076,1909f56bfc062723c751e8b465ee728b)  -> (artifact id: '5dfb1a0a4a7fd8c11dae263ddbb0d645') in 0.007438 seconds 
========================================================================
Received Import Request.
  Time since last request: 0.000015 seconds.
  path: Assets/Tile/wallandwater/tileset-sliced_115.asset
  artifactKey: Guid(e7977a4fce3804c49a0ac3217fac68bf) Importer(815301076,1909f56bfc062723c751e8b465ee728b)
Start importing Assets/Tile/wallandwater/tileset-sliced_115.asset using Guid(e7977a4fce3804c49a0ac3217fac68bf) Importer(815301076,1909f56bfc062723c751e8b465ee728b)  -> (artifact id: 'd65cb5ac954097e9b8133a3ce1b242d5') in 0.008257 seconds 
========================================================================
Received Import Request.
  Time since last request: 0.000013 seconds.
  path: Assets/Tile/wallandwater/tileset-sliced_127.asset
  artifactKey: Guid(355a1b1a0c2370c4ba1e43c0a70d8ceb) Importer(815301076,1909f56bfc062723c751e8b465ee728b)
Start importing Assets/Tile/wallandwater/tileset-sliced_127.asset using Guid(355a1b1a0c2370c4ba1e43c0a70d8ceb) Importer(815301076,1909f56bfc062723c751e8b465ee728b)  -> (artifact id: '5f2854e0e517f84bac65077a76c237f3') in 0.008217 seconds 
========================================================================
Received Import Request.
  Time since last request: 0.000018 seconds.
  path: Assets/Tile/wallandwater/tileset-sliced_126.asset
  artifactKey: Guid(1ce727c116ad5314ab761508ff9ddea6) Importer(815301076,1909f56bfc062723c751e8b465ee728b)
Start importing Assets/Tile/wallandwater/tileset-sliced_126.asset using Guid(1ce727c116ad5314ab761508ff9ddea6) Importer(815301076,1909f56bfc062723c751e8b465ee728b)  -> (artifact id: 'ac3928d232369e61ed2e5d856f2ea8a1') in 0.007394 seconds 
========================================================================
Received Import Request.
  Time since last request: 0.000029 seconds.
  path: Assets/Tile/wallandwater/tileset-sliced_116.asset
  artifactKey: Guid(92b35265356fec5489c533b45e7a2588) Importer(815301076,1909f56bfc062723c751e8b465ee728b)
Start importing Assets/Tile/wallandwater/tileset-sliced_116.asset using Guid(92b35265356fec5489c533b45e7a2588) Importer(815301076,1909f56bfc062723c751e8b465ee728b)  -> (artifact id: 'd6e7f27551a45146d87352c9c399e751') in 0.007187 seconds 
========================================================================
Received Import Request.
  Time since last request: 0.000017 seconds.
  path: Assets/Tile/wallandwater/tileset-sliced_120.asset
  artifactKey: Guid(801d476452d6370438538cc2568ef879) Importer(815301076,1909f56bfc062723c751e8b465ee728b)
Start importing Assets/Tile/wallandwater/tileset-sliced_120.asset using Guid(801d476452d6370438538cc2568ef879) Importer(815301076,1909f56bfc062723c751e8b465ee728b)  -> (artifact id: 'c7784f1500cbac52785da2f47c02fd21') in 0.007276 seconds 
========================================================================
Received Import Request.
  Time since last request: 0.000025 seconds.
  path: Assets/Tile/wallandwater/tileset-sliced_119.asset
  artifactKey: Guid(e7e906c2960438e41938630b4e0c007f) Importer(815301076,1909f56bfc062723c751e8b465ee728b)
Start importing Assets/Tile/wallandwater/tileset-sliced_119.asset using Guid(e7e906c2960438e41938630b4e0c007f) Importer(815301076,1909f56bfc062723c751e8b465ee728b)  -> (artifact id: '078ea1b6996b338f07bc13777448a176') in 0.010878 seconds 
========================================================================
Received Import Request.
  Time since last request: 0.000019 seconds.
  path: Assets/Tile/wallandwater/tileset-sliced_123.asset
  artifactKey: Guid(17b0b90d2edead744967a41d7135c0a2) Importer(815301076,1909f56bfc062723c751e8b465ee728b)
Start importing Assets/Tile/wallandwater/tileset-sliced_123.asset using Guid(17b0b90d2edead744967a41d7135c0a2) Importer(815301076,1909f56bfc062723c751e8b465ee728b)  -> (artifact id: 'a0b24e5ca69a289a49ea9bcf7af0f848') in 0.014630 seconds 
========================================================================
Received Import Request.
  Time since last request: 0.207121 seconds.
  path: Assets/Tile/wallandwater/tileset-sliced_129.asset
  artifactKey: Guid(71e22131aa550f9458e9830e6af9cd1f) Importer(815301076,1909f56bfc062723c751e8b465ee728b)
Start importing Assets/Tile/wallandwater/tileset-sliced_129.asset using Guid(71e22131aa550f9458e9830e6af9cd1f) Importer(815301076,1909f56bfc062723c751e8b465ee728b)  -> (artifact id: '707d58aa542c00615bb58bc1df151748') in 0.007566 seconds 
========================================================================
Received Import Request.
  Time since last request: 0.000015 seconds.
  path: Assets/Tile/wallandwater/tileset-sliced_140.asset
  artifactKey: Guid(6d5d1233246d53f4296ea323cce9320d) Importer(815301076,1909f56bfc062723c751e8b465ee728b)
Start importing Assets/Tile/wallandwater/tileset-sliced_140.asset using Guid(6d5d1233246d53f4296ea323cce9320d) Importer(815301076,1909f56bfc062723c751e8b465ee728b)  -> (artifact id: '6b702395fc3fc282a83bd1becbedcb3f') in 0.008557 seconds 
========================================================================
Received Import Request.
  Time since last request: 0.000015 seconds.
  path: Assets/Tile/wallandwater/tileset-sliced_138.asset
  artifactKey: Guid(09ef0783cae2cd846a8cf84b21528437) Importer(815301076,1909f56bfc062723c751e8b465ee728b)
Start importing Assets/Tile/wallandwater/tileset-sliced_138.asset using Guid(09ef0783cae2cd846a8cf84b21528437) Importer(815301076,1909f56bfc062723c751e8b465ee728b)  -> (artifact id: '963a24c1886ba594a169fee96b1e91fc') in 0.009368 seconds 
========================================================================
Received Import Request.
  Time since last request: 0.000013 seconds.
  path: Assets/Tile/wallandwater/tileset-sliced_134.asset
  artifactKey: Guid(8e92ae1989da15546ab3c1bf064896ce) Importer(815301076,1909f56bfc062723c751e8b465ee728b)
Start importing Assets/Tile/wallandwater/tileset-sliced_134.asset using Guid(8e92ae1989da15546ab3c1bf064896ce) Importer(815301076,1909f56bfc062723c751e8b465ee728b)  -> (artifact id: 'e156f0382256f20686a06868fbd50444') in 0.008193 seconds 
========================================================================
Received Import Request.
  Time since last request: 0.000016 seconds.
  path: Assets/Tile/wallandwater/tileset-sliced_136.asset
  artifactKey: Guid(ea705f72b94ecdd46aab316fd362307b) Importer(815301076,1909f56bfc062723c751e8b465ee728b)
Start importing Assets/Tile/wallandwater/tileset-sliced_136.asset using Guid(ea705f72b94ecdd46aab316fd362307b) Importer(815301076,1909f56bfc062723c751e8b465ee728b)  -> (artifact id: 'b9e2aca02e0805762b0bbd001e7453a8') in 0.008672 seconds 
========================================================================
Received Import Request.
  Time since last request: 0.000021 seconds.
  path: Assets/Tile/wallandwater/tileset-sliced_135.asset
  artifactKey: Guid(9aaa29f2b8c51184d91759da67f9f2aa) Importer(815301076,1909f56bfc062723c751e8b465ee728b)
Start importing Assets/Tile/wallandwater/tileset-sliced_135.asset using Guid(9aaa29f2b8c51184d91759da67f9f2aa) Importer(815301076,1909f56bfc062723c751e8b465ee728b)  -> (artifact id: 'f50a7468c3e515d7445c3b9b7e34298f') in 0.008588 seconds 
========================================================================
Received Import Request.
  Time since last request: 0.000019 seconds.
  path: Assets/Tile/wallandwater/tileset-sliced_132.asset
  artifactKey: Guid(363c3e8f079e2b648a6589b41882c411) Importer(815301076,1909f56bfc062723c751e8b465ee728b)
Start importing Assets/Tile/wallandwater/tileset-sliced_132.asset using Guid(363c3e8f079e2b648a6589b41882c411) Importer(815301076,1909f56bfc062723c751e8b465ee728b)  -> (artifact id: '8fceea1bc294f4a0cdaf00b869be69ce') in 0.010218 seconds 
========================================================================
Received Import Request.
  Time since last request: 0.000015 seconds.
  path: Assets/Tile/wallandwater/tileset-sliced_139.asset
  artifactKey: Guid(bae4c614a776da7408330f3d4b57253b) Importer(815301076,1909f56bfc062723c751e8b465ee728b)
Start importing Assets/Tile/wallandwater/tileset-sliced_139.asset using Guid(bae4c614a776da7408330f3d4b57253b) Importer(815301076,1909f56bfc062723c751e8b465ee728b)  -> (artifact id: 'e97299d36d785bfcb6e19a41f0c4ea09') in 0.008881 seconds 
========================================================================
Received Import Request.
  Time since last request: 0.015549 seconds.
  path: Assets/Tile/wallandwater/tileset-sliced_145.asset
  artifactKey: Guid(2defb47a1b6c06d4f8b04e43a8888b3f) Importer(815301076,1909f56bfc062723c751e8b465ee728b)
Start importing Assets/Tile/wallandwater/tileset-sliced_145.asset using Guid(2defb47a1b6c06d4f8b04e43a8888b3f) Importer(815301076,1909f56bfc062723c751e8b465ee728b)  -> (artifact id: '03f9d201294c69741ecf8cb687f7fc5e') in 0.015269 seconds 
========================================================================
Received Import Request.
  Time since last request: 0.000021 seconds.
  path: Assets/Tile/wallandwater/tileset-sliced_158.asset
  artifactKey: Guid(9e5d858833f13044c892903ee6ec42ca) Importer(815301076,1909f56bfc062723c751e8b465ee728b)
Start importing Assets/Tile/wallandwater/tileset-sliced_158.asset using Guid(9e5d858833f13044c892903ee6ec42ca) Importer(815301076,1909f56bfc062723c751e8b465ee728b)  -> (artifact id: 'c4b5df7f0a563c5ce54022660dba8b36') in 0.006681 seconds 
========================================================================
Received Import Request.
  Time since last request: 0.000030 seconds.
  path: Assets/Tile/wallandwater/tileset-sliced_152.asset
  artifactKey: Guid(ee70690869632ae4baed88a3f6b326a5) Importer(815301076,1909f56bfc062723c751e8b465ee728b)
Start importing Assets/Tile/wallandwater/tileset-sliced_152.asset using Guid(ee70690869632ae4baed88a3f6b326a5) Importer(815301076,1909f56bfc062723c751e8b465ee728b)  -> (artifact id: '439a01fb98251c352f2dd13599a5e742') in 0.006867 seconds 
========================================================================
Received Import Request.
  Time since last request: 0.000016 seconds.
  path: Assets/Tile/wallandwater/tileset-sliced_149.asset
  artifactKey: Guid(2e413d46970b26344bc48a0f8a1d9336) Importer(815301076,1909f56bfc062723c751e8b465ee728b)
Start importing Assets/Tile/wallandwater/tileset-sliced_149.asset using Guid(2e413d46970b26344bc48a0f8a1d9336) Importer(815301076,1909f56bfc062723c751e8b465ee728b)  -> (artifact id: '8daa332d004142144a0b0b26008a8f27') in 0.011772 seconds 
========================================================================
Received Import Request.
  Time since last request: 0.000016 seconds.
  path: Assets/Tile/wallandwater/tileset-sliced_150.asset
  artifactKey: Guid(214a0d8268f818242b6e87d2293ea9d8) Importer(815301076,1909f56bfc062723c751e8b465ee728b)
Start importing Assets/Tile/wallandwater/tileset-sliced_150.asset using Guid(214a0d8268f818242b6e87d2293ea9d8) Importer(815301076,1909f56bfc062723c751e8b465ee728b)  -> (artifact id: '3ada9b9869032b374a2b486ae51d9b77') in 0.014260 seconds 
========================================================================
Received Import Request.
  Time since last request: 0.000018 seconds.
  path: Assets/Tile/wallandwater/tileset-sliced_160.asset
  artifactKey: Guid(cb05ec3caa55d934099ccfa6b1b6f401) Importer(815301076,1909f56bfc062723c751e8b465ee728b)
Start importing Assets/Tile/wallandwater/tileset-sliced_160.asset using Guid(cb05ec3caa55d934099ccfa6b1b6f401) Importer(815301076,1909f56bfc062723c751e8b465ee728b)  -> (artifact id: 'd0d474ff6e125eef74b3a120d92a1842') in 0.010654 seconds 
========================================================================
Received Import Request.
  Time since last request: 0.000016 seconds.
  path: Assets/Tile/wallandwater/tileset-sliced_154.asset
  artifactKey: Guid(b7f379d4c10e78242aeb9e73b18c9828) Importer(815301076,1909f56bfc062723c751e8b465ee728b)
Start importing Assets/Tile/wallandwater/tileset-sliced_154.asset using Guid(b7f379d4c10e78242aeb9e73b18c9828) Importer(815301076,1909f56bfc062723c751e8b465ee728b)  -> (artifact id: '76059f93c74b3723e4534f843eb77ba4') in 0.006180 seconds 
========================================================================
Received Import Request.
  Time since last request: 0.000016 seconds.
  path: Assets/Tile/wallandwater/tileset-sliced_153.asset
  artifactKey: Guid(4b59630b877805f468bf0082dcda1657) Importer(815301076,1909f56bfc062723c751e8b465ee728b)
Start importing Assets/Tile/wallandwater/tileset-sliced_153.asset using Guid(4b59630b877805f468bf0082dcda1657) Importer(815301076,1909f56bfc062723c751e8b465ee728b)  -> (artifact id: 'dc4cc77f78c45b0871820be20d6ceb85') in 0.006810 seconds 
========================================================================
Received Import Request.
  Time since last request: 0.811644 seconds.
  path: Assets/Tile/wallandwater/tileset-sliced_161.asset
  artifactKey: Guid(8fe044d81ab221f4992ae41747091037) Importer(815301076,1909f56bfc062723c751e8b465ee728b)
Start importing Assets/Tile/wallandwater/tileset-sliced_161.asset using Guid(8fe044d81ab221f4992ae41747091037) Importer(815301076,1909f56bfc062723c751e8b465ee728b)  -> (artifact id: '860180b560f29feeb2351e912f6f1f8d') in 0.018038 seconds 
========================================================================
Received Import Request.
  Time since last request: 0.000024 seconds.
  path: Assets/Tile/wallandwater/tileset-sliced_170.asset
  artifactKey: Guid(2accc7bdf654cf2439f133abac066fca) Importer(815301076,1909f56bfc062723c751e8b465ee728b)
Start importing Assets/Tile/wallandwater/tileset-sliced_170.asset using Guid(2accc7bdf654cf2439f133abac066fca) Importer(815301076,1909f56bfc062723c751e8b465ee728b)  -> (artifact id: '9830736aedf3a275880ef1e4fffac2c0') in 0.006541 seconds 
========================================================================
Received Import Request.
  Time since last request: 0.000015 seconds.
  path: Assets/Tile/wallandwater/tileset-sliced_186.asset
  artifactKey: Guid(0c444856017938c4f920d8d0debc0b76) Importer(815301076,1909f56bfc062723c751e8b465ee728b)
Start importing Assets/Tile/wallandwater/tileset-sliced_186.asset using Guid(0c444856017938c4f920d8d0debc0b76) Importer(815301076,1909f56bfc062723c751e8b465ee728b)  -> (artifact id: 'd217da0532743b15bb036a588e147fbc') in 0.008033 seconds 
========================================================================
Received Import Request.
  Time since last request: 0.000022 seconds.
  path: Assets/Tile/wallandwater/tileset-sliced_182.asset
  artifactKey: Guid(1a60c5ef62c37a645bd3efdfa783eb3a) Importer(815301076,1909f56bfc062723c751e8b465ee728b)
Start importing Assets/Tile/wallandwater/tileset-sliced_182.asset using Guid(1a60c5ef62c37a645bd3efdfa783eb3a) Importer(815301076,1909f56bfc062723c751e8b465ee728b)  -> (artifact id: 'd04441e9b9f8ef1b1be6fa1169b72c4d') in 0.008160 seconds 
========================================================================
Received Import Request.
  Time since last request: 0.000027 seconds.
  path: Assets/Tile/wallandwater/tileset-sliced_183.asset
  artifactKey: Guid(c9d49ec24815e444bb69b07b8dcdb95c) Importer(815301076,1909f56bfc062723c751e8b465ee728b)
Start importing Assets/Tile/wallandwater/tileset-sliced_183.asset using Guid(c9d49ec24815e444bb69b07b8dcdb95c) Importer(815301076,1909f56bfc062723c751e8b465ee728b)  -> (artifact id: '0f96a84548df6cd9bfa5de90285bec66') in 0.007942 seconds 
========================================================================
Received Import Request.
  Time since last request: 0.000018 seconds.
  path: Assets/Tile/wallandwater/tileset-sliced_180.asset
  artifactKey: Guid(c6dd27de2afe48e4c9f0ccc5be7911db) Importer(815301076,1909f56bfc062723c751e8b465ee728b)
Start importing Assets/Tile/wallandwater/tileset-sliced_180.asset using Guid(c6dd27de2afe48e4c9f0ccc5be7911db) Importer(815301076,1909f56bfc062723c751e8b465ee728b)  -> (artifact id: '3332c577332efc33192b14ea39945702') in 0.006215 seconds 
========================================================================
Received Import Request.
  Time since last request: 0.000014 seconds.
  path: Assets/Tile/wallandwater/tileset-sliced_165.asset
  artifactKey: Guid(896382c425e3e734dbece0c51178d498) Importer(815301076,1909f56bfc062723c751e8b465ee728b)
Start importing Assets/Tile/wallandwater/tileset-sliced_165.asset using Guid(896382c425e3e734dbece0c51178d498) Importer(815301076,1909f56bfc062723c751e8b465ee728b)  -> (artifact id: '0ae52b096503c4fefc3bf56dd90d05dc') in 0.007307 seconds 
========================================================================
Received Import Request.
  Time since last request: 0.000015 seconds.
  path: Assets/Tile/wallandwater/tileset-sliced_176.asset
  artifactKey: Guid(36c90982d0e4ea44c965fd9427099693) Importer(815301076,1909f56bfc062723c751e8b465ee728b)
Start importing Assets/Tile/wallandwater/tileset-sliced_176.asset using Guid(36c90982d0e4ea44c965fd9427099693) Importer(815301076,1909f56bfc062723c751e8b465ee728b)  -> (artifact id: '59a693b7a49da6ef599da6d126f54387') in 0.007186 seconds 
========================================================================
Received Import Request.
  Time since last request: 0.000020 seconds.
  path: Assets/Tile/wallandwater/tileset-sliced_200.asset
  artifactKey: Guid(16ab2884885d80e48aef4e05f0ed058c) Importer(815301076,1909f56bfc062723c751e8b465ee728b)
Start importing Assets/Tile/wallandwater/tileset-sliced_200.asset using Guid(16ab2884885d80e48aef4e05f0ed058c) Importer(815301076,1909f56bfc062723c751e8b465ee728b)  -> (artifact id: 'a9a85a4fb774b82cd1a43b7989f3fffe') in 0.007197 seconds 
========================================================================
Received Import Request.
  Time since last request: 0.000016 seconds.
  path: Assets/Tile/wallandwater/tileset-sliced_204.asset
  artifactKey: Guid(21017a87631d91340b7019ac93a89ac3) Importer(815301076,1909f56bfc062723c751e8b465ee728b)
Start importing Assets/Tile/wallandwater/tileset-sliced_204.asset using Guid(21017a87631d91340b7019ac93a89ac3) Importer(815301076,1909f56bfc062723c751e8b465ee728b)  -> (artifact id: 'c7701ab277b0a5d7876df78f8c59198f') in 0.007174 seconds 
========================================================================
Received Import Request.
  Time since last request: 0.000024 seconds.
  path: Assets/Tile/wallandwater/tileset-sliced_193.asset
  artifactKey: Guid(57be2ee5f8710ea43a966e555ebc15af) Importer(815301076,1909f56bfc062723c751e8b465ee728b)
Start importing Assets/Tile/wallandwater/tileset-sliced_193.asset using Guid(57be2ee5f8710ea43a966e555ebc15af) Importer(815301076,1909f56bfc062723c751e8b465ee728b)  -> (artifact id: '6c1271f193957b2f94a465b8a6ff29cd') in 0.006748 seconds 
========================================================================
Received Import Request.
  Time since last request: 0.000021 seconds.
  path: Assets/Tile/wallandwater/tileset-sliced_201.asset
  artifactKey: Guid(0e050ebd78eeaab4a834e814b960b47e) Importer(815301076,1909f56bfc062723c751e8b465ee728b)
Start importing Assets/Tile/wallandwater/tileset-sliced_201.asset using Guid(0e050ebd78eeaab4a834e814b960b47e) Importer(815301076,1909f56bfc062723c751e8b465ee728b)  -> (artifact id: '403646b008814540ca5910239ce85992') in 0.006840 seconds 
========================================================================
Received Import Request.
  Time since last request: 0.000015 seconds.
  path: Assets/Tile/wallandwater/tileset-sliced_199.asset
  artifactKey: Guid(cecc485e85b20834594424282efcd792) Importer(815301076,1909f56bfc062723c751e8b465ee728b)
Start importing Assets/Tile/wallandwater/tileset-sliced_199.asset using Guid(cecc485e85b20834594424282efcd792) Importer(815301076,1909f56bfc062723c751e8b465ee728b)  -> (artifact id: '1fc163ffc2292f756003e21524b01f8b') in 0.006363 seconds 
========================================================================
Received Import Request.
  Time since last request: 0.000019 seconds.
  path: Assets/Tile/wallandwater/tileset-sliced_221.asset
  artifactKey: Guid(205cf94c44477b243aca5f94c0d401a0) Importer(815301076,1909f56bfc062723c751e8b465ee728b)
Start importing Assets/Tile/wallandwater/tileset-sliced_221.asset using Guid(205cf94c44477b243aca5f94c0d401a0) Importer(815301076,1909f56bfc062723c751e8b465ee728b)  -> (artifact id: 'f9812bdee4d76f78faf7f2aca59ef8dd') in 0.006411 seconds 
========================================================================
Received Import Request.
  Time since last request: 0.000016 seconds.
  path: Assets/Tile/wallandwater/tileset-sliced_185.asset
  artifactKey: Guid(11427d0c37a1e2d4fb7c49fee7eb805e) Importer(815301076,1909f56bfc062723c751e8b465ee728b)
Start importing Assets/Tile/wallandwater/tileset-sliced_185.asset using Guid(11427d0c37a1e2d4fb7c49fee7eb805e) Importer(815301076,1909f56bfc062723c751e8b465ee728b)  -> (artifact id: '88c1a2f16c5ae590ca11004b645767e8') in 0.007010 seconds 
========================================================================
Received Import Request.
  Time since last request: 0.000014 seconds.
  path: Assets/Tile/wallandwater/tileset-sliced_205.asset
  artifactKey: Guid(7a4e8e8a1f28bfb469872277e637008e) Importer(815301076,1909f56bfc062723c751e8b465ee728b)
Start importing Assets/Tile/wallandwater/tileset-sliced_205.asset using Guid(7a4e8e8a1f28bfb469872277e637008e) Importer(815301076,1909f56bfc062723c751e8b465ee728b)  -> (artifact id: '33e949488160606100004fd3973612d2') in 0.006944 seconds 
========================================================================
Received Import Request.
  Time since last request: 0.000016 seconds.
  path: Assets/Tile/wallandwater/tileset-sliced_212.asset
  artifactKey: Guid(d5929422cb2a23142b0875144754732c) Importer(815301076,1909f56bfc062723c751e8b465ee728b)
Start importing Assets/Tile/wallandwater/tileset-sliced_212.asset using Guid(d5929422cb2a23142b0875144754732c) Importer(815301076,1909f56bfc062723c751e8b465ee728b)  -> (artifact id: 'f746283db9626f2378379060c01648a5') in 0.005995 seconds 
========================================================================
Received Import Request.
  Time since last request: 0.000022 seconds.
  path: Assets/Tile/wallandwater/tileset-sliced_198.asset
  artifactKey: Guid(8446df67e3f69ac49a872c680b3faca3) Importer(815301076,1909f56bfc062723c751e8b465ee728b)
Start importing Assets/Tile/wallandwater/tileset-sliced_198.asset using Guid(8446df67e3f69ac49a872c680b3faca3) Importer(815301076,1909f56bfc062723c751e8b465ee728b)  -> (artifact id: 'e846202a507eb693bba56d24a7574a5c') in 0.007316 seconds 
========================================================================
Received Import Request.
  Time since last request: 0.000018 seconds.
  path: Assets/Tile/wallandwater/tileset-sliced_202.asset
  artifactKey: Guid(6605cd7cf9aa9b74fa3d9fac762aa580) Importer(815301076,1909f56bfc062723c751e8b465ee728b)
Start importing Assets/Tile/wallandwater/tileset-sliced_202.asset using Guid(6605cd7cf9aa9b74fa3d9fac762aa580) Importer(815301076,1909f56bfc062723c751e8b465ee728b)  -> (artifact id: '1d79f2f28a1bdea2e3b2859b39509485') in 0.007505 seconds 
========================================================================
Received Import Request.
  Time since last request: 0.000018 seconds.
  path: Assets/Tile/wallandwater/tileset-sliced_164.asset
  artifactKey: Guid(dbd2e924604899949952fdacdd5085db) Importer(815301076,1909f56bfc062723c751e8b465ee728b)
Start importing Assets/Tile/wallandwater/tileset-sliced_164.asset using Guid(dbd2e924604899949952fdacdd5085db) Importer(815301076,1909f56bfc062723c751e8b465ee728b)  -> (artifact id: '5782ee29a6478504152c1229c6180fb6') in 0.006118 seconds 
========================================================================
Received Import Request.
  Time since last request: 0.000017 seconds.
  path: Assets/Tile/wallandwater/tileset-sliced_219.asset
  artifactKey: Guid(6b3d7e2d3c4a5644ea586a6aa88421c3) Importer(815301076,1909f56bfc062723c751e8b465ee728b)
Start importing Assets/Tile/wallandwater/tileset-sliced_219.asset using Guid(6b3d7e2d3c4a5644ea586a6aa88421c3) Importer(815301076,1909f56bfc062723c751e8b465ee728b)  -> (artifact id: 'fa008fd56eaec8d4fc7469f285642254') in 0.006778 seconds 
========================================================================
Received Import Request.
  Time since last request: 0.000017 seconds.
  path: Assets/Tile/wallandwater/tileset-sliced_220.asset
  artifactKey: Guid(471be51ca1337704ba87ce486e9bd92b) Importer(815301076,1909f56bfc062723c751e8b465ee728b)
Start importing Assets/Tile/wallandwater/tileset-sliced_220.asset using Guid(471be51ca1337704ba87ce486e9bd92b) Importer(815301076,1909f56bfc062723c751e8b465ee728b)  -> (artifact id: 'd5ed8098675aec3ad7339e9ad6e9a4dd') in 0.007415 seconds 
========================================================================
Received Import Request.
  Time since last request: 0.000021 seconds.
  path: Assets/Tile/wallandwater/tileset-sliced_171.asset
  artifactKey: Guid(05a8ca55fb1317742aea8f5faaea6bf8) Importer(815301076,1909f56bfc062723c751e8b465ee728b)
Start importing Assets/Tile/wallandwater/tileset-sliced_171.asset using Guid(05a8ca55fb1317742aea8f5faaea6bf8) Importer(815301076,1909f56bfc062723c751e8b465ee728b)  -> (artifact id: '0a06ba2e2704de8f5b39d8f161c5bfbf') in 0.006683 seconds 
========================================================================
Received Import Request.
  Time since last request: 0.000016 seconds.
  path: Assets/Tile/wallandwater/tileset-sliced_224.asset
  artifactKey: Guid(deab2dabd14516a4eae726dba0095e15) Importer(815301076,1909f56bfc062723c751e8b465ee728b)
Start importing Assets/Tile/wallandwater/tileset-sliced_224.asset using Guid(deab2dabd14516a4eae726dba0095e15) Importer(815301076,1909f56bfc062723c751e8b465ee728b)  -> (artifact id: '0a68d268f896b42ef8bddc2f50f19c26') in 0.006442 seconds 
========================================================================
Received Import Request.
  Time since last request: 0.000020 seconds.
  path: Assets/Tile/wallandwater/tileset-sliced_214.asset
  artifactKey: Guid(a07f279845a13604d9ece90f134a2d36) Importer(815301076,1909f56bfc062723c751e8b465ee728b)
Start importing Assets/Tile/wallandwater/tileset-sliced_214.asset using Guid(a07f279845a13604d9ece90f134a2d36) Importer(815301076,1909f56bfc062723c751e8b465ee728b)  -> (artifact id: '7ce4891b5a28c6d196010341ea46bd4e') in 0.006628 seconds 
========================================================================
Received Import Request.
  Time since last request: 0.000022 seconds.
  path: Assets/Tile/wallandwater/tileset-sliced_177.asset
  artifactKey: Guid(3a3d8179377401842ae1ff9e5caaeabc) Importer(815301076,1909f56bfc062723c751e8b465ee728b)
Start importing Assets/Tile/wallandwater/tileset-sliced_177.asset using Guid(3a3d8179377401842ae1ff9e5caaeabc) Importer(815301076,1909f56bfc062723c751e8b465ee728b)  -> (artifact id: 'f29606e0450444d51688d36e502295bb') in 0.007030 seconds 
========================================================================
Received Import Request.
  Time since last request: 0.000019 seconds.
  path: Assets/Tile/wallandwater/tileset-sliced_218.asset
  artifactKey: Guid(d9a91bc2632c6c044885adb9ef195659) Importer(815301076,1909f56bfc062723c751e8b465ee728b)
Start importing Assets/Tile/wallandwater/tileset-sliced_218.asset using Guid(d9a91bc2632c6c044885adb9ef195659) Importer(815301076,1909f56bfc062723c751e8b465ee728b)  -> (artifact id: '73edcde9710d6dad00bf2db4b3a846a1') in 0.007826 seconds 
========================================================================
Received Import Request.
  Time since last request: 0.000016 seconds.
  path: Assets/Tile/wallandwater/tileset-sliced_211.asset
  artifactKey: Guid(8209c70e2f6e6d047b77c6aa9d3f8495) Importer(815301076,1909f56bfc062723c751e8b465ee728b)
Start importing Assets/Tile/wallandwater/tileset-sliced_211.asset using Guid(8209c70e2f6e6d047b77c6aa9d3f8495) Importer(815301076,1909f56bfc062723c751e8b465ee728b)  -> (artifact id: 'b3cbc9c2568319b5f896d7ef871a8ed2') in 0.006940 seconds 
========================================================================
Received Import Request.
  Time since last request: 0.000019 seconds.
  path: Assets/Tile/wallandwater/tileset-sliced_168.asset
  artifactKey: Guid(9eb715f53f38a0d48b034dc25f8c8f74) Importer(815301076,1909f56bfc062723c751e8b465ee728b)
Start importing Assets/Tile/wallandwater/tileset-sliced_168.asset using Guid(9eb715f53f38a0d48b034dc25f8c8f74) Importer(815301076,1909f56bfc062723c751e8b465ee728b)  -> (artifact id: 'cc9d77251538bf5602b32281896e3737') in 0.006409 seconds 
========================================================================
Received Import Request.
  Time since last request: 0.000032 seconds.
  path: Assets/Tile/wallandwater/tileset-sliced_173.asset
  artifactKey: Guid(87a72298c04fa8f4ab64154faa9841e8) Importer(815301076,1909f56bfc062723c751e8b465ee728b)
Start importing Assets/Tile/wallandwater/tileset-sliced_173.asset using Guid(87a72298c04fa8f4ab64154faa9841e8) Importer(815301076,1909f56bfc062723c751e8b465ee728b)  -> (artifact id: '3b7d11f7f22a4520fbbc40af0287a7e0') in 0.007672 seconds 
========================================================================
Received Import Request.
  Time since last request: 0.000015 seconds.
  path: Assets/Tile/wallandwater/tileset-sliced_222.asset
  artifactKey: Guid(f362f143d6517694592ee460fc5d4bba) Importer(815301076,1909f56bfc062723c751e8b465ee728b)
Start importing Assets/Tile/wallandwater/tileset-sliced_222.asset using Guid(f362f143d6517694592ee460fc5d4bba) Importer(815301076,1909f56bfc062723c751e8b465ee728b)  -> (artifact id: 'd2e28dc8135bc804bc9b4e171deda4ab') in 0.006358 seconds 
========================================================================
Received Import Request.
  Time since last request: 0.000016 seconds.
  path: Assets/Tile/wallandwater/tileset-sliced_167.asset
  artifactKey: Guid(cbb1b8a0fc430b94e8985d5916e006e0) Importer(815301076,1909f56bfc062723c751e8b465ee728b)
Start importing Assets/Tile/wallandwater/tileset-sliced_167.asset using Guid(cbb1b8a0fc430b94e8985d5916e006e0) Importer(815301076,1909f56bfc062723c751e8b465ee728b)  -> (artifact id: '0071fcd4c34491a3e7363229bb1cd814') in 0.006478 seconds 
========================================================================
Received Import Request.
  Time since last request: 51.405098 seconds.
  path: Assets/Tile/wallandwater/tileset-sliced_225.asset
  artifactKey: Guid(9705810611f2b464d9a7b6d37eafd311) Importer(815301076,1909f56bfc062723c751e8b465ee728b)
Start importing Assets/Tile/wallandwater/tileset-sliced_225.asset using Guid(9705810611f2b464d9a7b6d37eafd311) Importer(815301076,1909f56bfc062723c751e8b465ee728b)  -> (artifact id: '3dda1d4aae16179e09ad537f61e4b59d') in 0.013112 seconds 
========================================================================
Received Import Request.
  Time since last request: 0.000017 seconds.
  path: Assets/Tile/wallandwater/tileset-sliced_236.asset
  artifactKey: Guid(3fafedcf9f85db54a97e7231e89fdb24) Importer(815301076,1909f56bfc062723c751e8b465ee728b)
Start importing Assets/Tile/wallandwater/tileset-sliced_236.asset using Guid(3fafedcf9f85db54a97e7231e89fdb24) Importer(815301076,1909f56bfc062723c751e8b465ee728b)  -> (artifact id: '0524e4e3985ba193b12c55d2e19c87ae') in 0.007292 seconds 
========================================================================
Received Import Request.
  Time since last request: 0.000021 seconds.
  path: Assets/Tile/wallandwater/tileset-sliced_235.asset
  artifactKey: Guid(8c3bb0d47ac2e5646a30a8b2b430191b) Importer(815301076,1909f56bfc062723c751e8b465ee728b)
Start importing Assets/Tile/wallandwater/tileset-sliced_235.asset using Guid(8c3bb0d47ac2e5646a30a8b2b430191b) Importer(815301076,1909f56bfc062723c751e8b465ee728b)  -> (artifact id: 'bb1c22704711b4091d3acf4f101e5a8c') in 0.043396 seconds 
========================================================================
Received Import Request.
  Time since last request: 0.000022 seconds.
  path: Assets/Tile/wallandwater/tileset-sliced_233.asset
  artifactKey: Guid(9c686709b02f89b4597576dd4d0c1742) Importer(815301076,1909f56bfc062723c751e8b465ee728b)
Start importing Assets/Tile/wallandwater/tileset-sliced_233.asset using Guid(9c686709b02f89b4597576dd4d0c1742) Importer(815301076,1909f56bfc062723c751e8b465ee728b)  -> (artifact id: '6f0163721235876deea164f6b4ed8ff9') in 0.019388 seconds 
========================================================================
Received Import Request.
  Time since last request: 0.000019 seconds.
  path: Assets/Tile/wallandwater/tileset-sliced_229.asset
  artifactKey: Guid(93a2aebdfc9e19944b8a7d0267b82234) Importer(815301076,1909f56bfc062723c751e8b465ee728b)
Start importing Assets/Tile/wallandwater/tileset-sliced_229.asset using Guid(93a2aebdfc9e19944b8a7d0267b82234) Importer(815301076,1909f56bfc062723c751e8b465ee728b)  -> (artifact id: 'd30eff90bdd73b02a99957615cea99dd') in 0.011821 seconds 
========================================================================
Received Import Request.
  Time since last request: 0.410011 seconds.
  path: Assets/Tile/wallandwater/tileset-sliced_241.asset
  artifactKey: Guid(f406101d7846e304ba89c9502edcfaf4) Importer(815301076,1909f56bfc062723c751e8b465ee728b)
Start importing Assets/Tile/wallandwater/tileset-sliced_241.asset using Guid(f406101d7846e304ba89c9502edcfaf4) Importer(815301076,1909f56bfc062723c751e8b465ee728b)  -> (artifact id: '97f807d75feea236aa667dba002c6140') in 0.008608 seconds 
========================================================================
Received Import Request.
  Time since last request: 0.000016 seconds.
  path: Assets/Tile/wallandwater/tileset-sliced_248.asset
  artifactKey: Guid(f25031239a63fe742b56aadad20e1c93) Importer(815301076,1909f56bfc062723c751e8b465ee728b)
Start importing Assets/Tile/wallandwater/tileset-sliced_248.asset using Guid(f25031239a63fe742b56aadad20e1c93) Importer(815301076,1909f56bfc062723c751e8b465ee728b)  -> (artifact id: '0f2f13cc712b411d6332ae7394eb349b') in 0.008848 seconds 
========================================================================
Received Import Request.
  Time since last request: 0.000027 seconds.
  path: Assets/Tile/wallandwater/tileset-sliced_249.asset
  artifactKey: Guid(0df867060c9d0bc4889a07f33b3104aa) Importer(815301076,1909f56bfc062723c751e8b465ee728b)
Start importing Assets/Tile/wallandwater/tileset-sliced_249.asset using Guid(0df867060c9d0bc4889a07f33b3104aa) Importer(815301076,1909f56bfc062723c751e8b465ee728b)  -> (artifact id: '7d830876c2f929cc9a36f5fde459ddc5') in 0.009353 seconds 
========================================================================
Received Import Request.
  Time since last request: 0.000016 seconds.
  path: Assets/Tile/wallandwater/tileset-sliced_247.asset
  artifactKey: Guid(0823bdd31712b72458977bc4e1355402) Importer(815301076,1909f56bfc062723c751e8b465ee728b)
Start importing Assets/Tile/wallandwater/tileset-sliced_247.asset using Guid(0823bdd31712b72458977bc4e1355402) Importer(815301076,1909f56bfc062723c751e8b465ee728b)  -> (artifact id: 'f599843883e9d6ca3470dcaf33664809') in 0.008062 seconds 
========================================================================
Received Import Request.
  Time since last request: 0.000021 seconds.
  path: Assets/Tile/wallandwater/tileset-sliced_252.asset
  artifactKey: Guid(6f5095acada1f444883369bd1b0d86aa) Importer(815301076,1909f56bfc062723c751e8b465ee728b)
Start importing Assets/Tile/wallandwater/tileset-sliced_252.asset using Guid(6f5095acada1f444883369bd1b0d86aa) Importer(815301076,1909f56bfc062723c751e8b465ee728b)  -> (artifact id: '2b3186acd6197ca4e6ccfddc19f7ab03') in 0.008888 seconds 
========================================================================
Received Import Request.
  Time since last request: 0.019203 seconds.
  path: Assets/Tile/wallandwater/tileset-sliced_257.asset
  artifactKey: Guid(c0e0a07182332b5459f8937b4886cf32) Importer(815301076,1909f56bfc062723c751e8b465ee728b)
Start importing Assets/Tile/wallandwater/tileset-sliced_257.asset using Guid(c0e0a07182332b5459f8937b4886cf32) Importer(815301076,1909f56bfc062723c751e8b465ee728b)  -> (artifact id: '720ff7088f607103699bbdd10fe1cbc3') in 0.009340 seconds 
========================================================================
Received Import Request.
  Time since last request: 0.000016 seconds.
  path: Assets/Tile/wallandwater/tileset-sliced_266.asset
  artifactKey: Guid(7de5d6f118fdd3c4a8daedf316499590) Importer(815301076,1909f56bfc062723c751e8b465ee728b)
Start importing Assets/Tile/wallandwater/tileset-sliced_266.asset using Guid(7de5d6f118fdd3c4a8daedf316499590) Importer(815301076,1909f56bfc062723c751e8b465ee728b)  -> (artifact id: '1377fa64187be5f3463ed7a1ad07c892') in 0.007172 seconds 
========================================================================
Received Import Request.
  Time since last request: 0.000021 seconds.
  path: Assets/Tile/wallandwater/tileset-sliced_271.asset
  artifactKey: Guid(afe08561d12f77341bfc9e5de5fa97df) Importer(815301076,1909f56bfc062723c751e8b465ee728b)
Start importing Assets/Tile/wallandwater/tileset-sliced_271.asset using Guid(afe08561d12f77341bfc9e5de5fa97df) Importer(815301076,1909f56bfc062723c751e8b465ee728b)  -> (artifact id: 'a0c7d84409002feb532dcdb4ee479b03') in 0.009072 seconds 
========================================================================
Received Import Request.
  Time since last request: 0.000015 seconds.
  path: Assets/Tile/wallandwater/tileset-sliced_272.asset
  artifactKey: Guid(635e9a3835470db419a7eae890ccb697) Importer(815301076,1909f56bfc062723c751e8b465ee728b)
Start importing Assets/Tile/wallandwater/tileset-sliced_272.asset using Guid(635e9a3835470db419a7eae890ccb697) Importer(815301076,1909f56bfc062723c751e8b465ee728b)  -> (artifact id: '1589ada9f8e88739254f21ac9ab0f641') in 0.010443 seconds 
========================================================================
Received Import Request.
  Time since last request: 0.000019 seconds.
  path: Assets/Tile/wallandwater/tileset-sliced_263.asset
  artifactKey: Guid(cf7141e419148824792e305e00d1e886) Importer(815301076,1909f56bfc062723c751e8b465ee728b)
Start importing Assets/Tile/wallandwater/tileset-sliced_263.asset using Guid(cf7141e419148824792e305e00d1e886) Importer(815301076,1909f56bfc062723c751e8b465ee728b)  -> (artifact id: '0da6ef372ee67df22c856789e65578ef') in 0.008347 seconds 
========================================================================
Received Import Request.
  Time since last request: 0.137001 seconds.
  path: Assets/Tile/wallandwater/tileset-sliced_273.asset
  artifactKey: Guid(5147b0052d83d05428278b794ff3be6f) Importer(815301076,1909f56bfc062723c751e8b465ee728b)
Start importing Assets/Tile/wallandwater/tileset-sliced_273.asset using Guid(5147b0052d83d05428278b794ff3be6f) Importer(815301076,1909f56bfc062723c751e8b465ee728b)  -> (artifact id: 'd02c0e5ea881926b8049269488b657f7') in 0.008141 seconds 
========================================================================
Received Import Request.
  Time since last request: 0.000017 seconds.
  path: Assets/Tile/wallandwater/tileset-sliced_279.asset
  artifactKey: Guid(82fabbbb8070bb648824f631ef30d9d0) Importer(815301076,1909f56bfc062723c751e8b465ee728b)
Start importing Assets/Tile/wallandwater/tileset-sliced_279.asset using Guid(82fabbbb8070bb648824f631ef30d9d0) Importer(815301076,1909f56bfc062723c751e8b465ee728b)  -> (artifact id: '228827298c3a9ec901f291603d3c9de0') in 0.007882 seconds 
========================================================================
Received Import Request.
  Time since last request: 0.000020 seconds.
  path: Assets/Tile/wallandwater/tileset-sliced_285.asset
  artifactKey: Guid(1aec1f7e1e0e1fb49b93c8bfbf471621) Importer(815301076,1909f56bfc062723c751e8b465ee728b)
Start importing Assets/Tile/wallandwater/tileset-sliced_285.asset using Guid(1aec1f7e1e0e1fb49b93c8bfbf471621) Importer(815301076,1909f56bfc062723c751e8b465ee728b)  -> (artifact id: '8c02ad9e5c68948e665d237ef4dc8c0b') in 0.007185 seconds 
========================================================================
Received Import Request.
  Time since last request: 0.000018 seconds.
  path: Assets/Tile/wallandwater/tileset-sliced_286.asset
  artifactKey: Guid(04546ecc1f1f11140abce127f29ea9fc) Importer(815301076,1909f56bfc062723c751e8b465ee728b)
Start importing Assets/Tile/wallandwater/tileset-sliced_286.asset using Guid(04546ecc1f1f11140abce127f29ea9fc) Importer(815301076,1909f56bfc062723c751e8b465ee728b)  -> (artifact id: 'ae545711479dfad5c45b9222cbfc3ee5') in 0.008379 seconds 
========================================================================
Received Import Request.
  Time since last request: 0.000033 seconds.
  path: Assets/Tile/wallandwater/tileset-sliced_277.asset
  artifactKey: Guid(96447f39b111a9e44a7cb8035b160f7d) Importer(815301076,1909f56bfc062723c751e8b465ee728b)
Start importing Assets/Tile/wallandwater/tileset-sliced_277.asset using Guid(96447f39b111a9e44a7cb8035b160f7d) Importer(815301076,1909f56bfc062723c751e8b465ee728b)  -> (artifact id: 'd9ad87026e277b4086b73381eef29bde') in 0.007056 seconds 
========================================================================
Received Import Request.
  Time since last request: 0.058899 seconds.
  path: Assets/Tile/wallandwater/tileset-sliced_289.asset
  artifactKey: Guid(0cc6475d599acc547ab8f6cf3413e915) Importer(815301076,1909f56bfc062723c751e8b465ee728b)
Start importing Assets/Tile/wallandwater/tileset-sliced_289.asset using Guid(0cc6475d599acc547ab8f6cf3413e915) Importer(815301076,1909f56bfc062723c751e8b465ee728b)  -> (artifact id: 'f953f1dad6f3a1d8de586fb070f224f8') in 0.009880 seconds 
========================================================================
Received Import Request.
  Time since last request: 0.000019 seconds.
  path: Assets/Tile/wallandwater/tileset-sliced_293.asset
  artifactKey: Guid(2b5acda30fc40794bb767101d6949fe9) Importer(815301076,1909f56bfc062723c751e8b465ee728b)
Start importing Assets/Tile/wallandwater/tileset-sliced_293.asset using Guid(2b5acda30fc40794bb767101d6949fe9) Importer(815301076,1909f56bfc062723c751e8b465ee728b)  -> (artifact id: '9379eedfc90c09b002263463b5be964c') in 0.011571 seconds 
========================================================================
Received Import Request.
  Time since last request: 0.000017 seconds.
  path: Assets/Tile/wallandwater/tileset-sliced_294.asset
  artifactKey: Guid(583d153fcd7154c489665a40a9340dbb) Importer(815301076,1909f56bfc062723c751e8b465ee728b)
Start importing Assets/Tile/wallandwater/tileset-sliced_294.asset using Guid(583d153fcd7154c489665a40a9340dbb) Importer(815301076,1909f56bfc062723c751e8b465ee728b)  -> (artifact id: '79489c702e687c00014548263d04155b') in 0.009223 seconds 
========================================================================
Received Import Request.
  Time since last request: 0.000041 seconds.
  path: Assets/Tile/wallandwater/tileset-sliced_297.asset
  artifactKey: Guid(02ced5ab80b0c44478daba02aabe4608) Importer(815301076,1909f56bfc062723c751e8b465ee728b)
Start importing Assets/Tile/wallandwater/tileset-sliced_297.asset using Guid(02ced5ab80b0c44478daba02aabe4608) Importer(815301076,1909f56bfc062723c751e8b465ee728b)  -> (artifact id: '651884962150f0d6d8c4313e769aa58d') in 0.010744 seconds 
========================================================================
Received Import Request.
  Time since last request: 0.931314 seconds.
  path: Assets/Tile/wallandwater/tileset-sliced_305.asset
  artifactKey: Guid(264586074ac9b9440a84320a8ff2377f) Importer(815301076,1909f56bfc062723c751e8b465ee728b)
Start importing Assets/Tile/wallandwater/tileset-sliced_305.asset using Guid(264586074ac9b9440a84320a8ff2377f) Importer(815301076,1909f56bfc062723c751e8b465ee728b)  -> (artifact id: '795a81b8430aae2c7e42824f739530fe') in 0.007141 seconds 
========================================================================
Received Import Request.
  Time since last request: 0.000014 seconds.
  path: Assets/Tile/wallandwater/tileset-sliced_313.asset
  artifactKey: Guid(4036f75c6c2ac58488ebb0ae06724a93) Importer(815301076,1909f56bfc062723c751e8b465ee728b)
Start importing Assets/Tile/wallandwater/tileset-sliced_313.asset using Guid(4036f75c6c2ac58488ebb0ae06724a93) Importer(815301076,1909f56bfc062723c751e8b465ee728b)  -> (artifact id: '601af163d24c73f5ed48de65d2309aa0') in 0.010439 seconds 
========================================================================
Received Import Request.
  Time since last request: 0.000014 seconds.
  path: Assets/Tile/wallandwater/tileset-sliced_315.asset
  artifactKey: Guid(eb8c12aa5d5baf840bc12c27f316a277) Importer(815301076,1909f56bfc062723c751e8b465ee728b)
Start importing Assets/Tile/wallandwater/tileset-sliced_315.asset using Guid(eb8c12aa5d5baf840bc12c27f316a277) Importer(815301076,1909f56bfc062723c751e8b465ee728b)  -> (artifact id: 'c7c3944a7997155e3bfa0ae55f431ed1') in 0.010320 seconds 
========================================================================
Received Import Request.
  Time since last request: 0.000018 seconds.
  path: Assets/Tile/wallandwater/tileset-sliced_312.asset
  artifactKey: Guid(2b698e29ba9ed504999b5bf5270e26f3) Importer(815301076,1909f56bfc062723c751e8b465ee728b)
Start importing Assets/Tile/wallandwater/tileset-sliced_312.asset using Guid(2b698e29ba9ed504999b5bf5270e26f3) Importer(815301076,1909f56bfc062723c751e8b465ee728b)  -> (artifact id: 'fd8535fadd47df90bb777d7a1be6243e') in 0.008147 seconds 
========================================================================
Received Import Request.
  Time since last request: 0.014451 seconds.
  path: Assets/Tile/wallandwater/tileset-sliced_321.asset
  artifactKey: Guid(aa098b15ff073f145a0b41e39ca1e228) Importer(815301076,1909f56bfc062723c751e8b465ee728b)
Start importing Assets/Tile/wallandwater/tileset-sliced_321.asset using Guid(aa098b15ff073f145a0b41e39ca1e228) Importer(815301076,1909f56bfc062723c751e8b465ee728b)  -> (artifact id: '21dae55779f33b104d72f9aaea5d74af') in 0.008970 seconds 
========================================================================
Received Import Request.
  Time since last request: 0.000020 seconds.
  path: Assets/Tile/wallandwater/tileset-sliced_328.asset
  artifactKey: Guid(4555e461904db2642b6ce80533194557) Importer(815301076,1909f56bfc062723c751e8b465ee728b)
Start importing Assets/Tile/wallandwater/tileset-sliced_328.asset using Guid(4555e461904db2642b6ce80533194557) Importer(815301076,1909f56bfc062723c751e8b465ee728b)  -> (artifact id: 'beb8bfd9923a6658db5c6b48cb992ee4') in 0.008178 seconds 
========================================================================
Received Import Request.
  Time since last request: 0.000024 seconds.
  path: Assets/Tile/wallandwater/tileset-sliced_336.asset
  artifactKey: Guid(1b2ca5e876b2503469955de9f5c06b7c) Importer(815301076,1909f56bfc062723c751e8b465ee728b)
Start importing Assets/Tile/wallandwater/tileset-sliced_336.asset using Guid(1b2ca5e876b2503469955de9f5c06b7c) Importer(815301076,1909f56bfc062723c751e8b465ee728b)  -> (artifact id: '7195bceba1458c955b8bcf185503586a') in 0.007582 seconds 
========================================================================
Received Import Request.
  Time since last request: 0.000017 seconds.
  path: Assets/Tile/wallandwater/tileset-sliced_335.asset
  artifactKey: Guid(acfb63f1e9e7fb1438619cdaff595352) Importer(815301076,1909f56bfc062723c751e8b465ee728b)
Start importing Assets/Tile/wallandwater/tileset-sliced_335.asset using Guid(acfb63f1e9e7fb1438619cdaff595352) Importer(815301076,1909f56bfc062723c751e8b465ee728b)  -> (artifact id: 'afa2f14b203fd17bd31676b68a6182d2') in 0.009539 seconds 
========================================================================
Received Import Request.
  Time since last request: 0.133299 seconds.
  path: Assets/Tile/wallandwater/tileset-sliced_337.asset
  artifactKey: Guid(33b7ecf6191789a4e9fd4e14e933109a) Importer(815301076,1909f56bfc062723c751e8b465ee728b)
Start importing Assets/Tile/wallandwater/tileset-sliced_337.asset using Guid(33b7ecf6191789a4e9fd4e14e933109a) Importer(815301076,1909f56bfc062723c751e8b465ee728b)  -> (artifact id: '61f7b1e4d998f003a786453ca475afd0') in 0.007722 seconds 
========================================================================
Received Import Request.
  Time since last request: 0.000014 seconds.
  path: Assets/Tile/wallandwater/tileset-sliced_351.asset
  artifactKey: Guid(f26bdd744ea7079498d8beed8ede3993) Importer(815301076,1909f56bfc062723c751e8b465ee728b)
Start importing Assets/Tile/wallandwater/tileset-sliced_351.asset using Guid(f26bdd744ea7079498d8beed8ede3993) Importer(815301076,1909f56bfc062723c751e8b465ee728b)  -> (artifact id: '0593ea1984948dba64d74f598af82efd') in 0.008617 seconds 
========================================================================
Received Import Request.
  Time since last request: 0.000014 seconds.
  path: Assets/Tile/wallandwater/tileset-sliced_341.asset
  artifactKey: Guid(c22fa9a02bb5a3b4d866fc41dcfe64d1) Importer(815301076,1909f56bfc062723c751e8b465ee728b)
Start importing Assets/Tile/wallandwater/tileset-sliced_341.asset using Guid(c22fa9a02bb5a3b4d866fc41dcfe64d1) Importer(815301076,1909f56bfc062723c751e8b465ee728b)  -> (artifact id: '91d1f8a5914108a6820cdc60ffa9e1b6') in 0.010851 seconds 
========================================================================
Received Import Request.
  Time since last request: 0.000016 seconds.
  path: Assets/Tile/wallandwater/tileset-sliced_342.asset
  artifactKey: Guid(5a6915f3d60b3584097f93cd3afcb168) Importer(815301076,1909f56bfc062723c751e8b465ee728b)
Start importing Assets/Tile/wallandwater/tileset-sliced_342.asset using Guid(5a6915f3d60b3584097f93cd3afcb168) Importer(815301076,1909f56bfc062723c751e8b465ee728b)  -> (artifact id: 'f14b6c7c0a7daec45a29baf9a87dbed3') in 0.014993 seconds 
========================================================================
Received Import Request.
  Time since last request: 0.554636 seconds.
  path: Assets/Tile/wallandwater/tileset-sliced_353.asset
  artifactKey: Guid(8b24a8698106f8246bdd8eb6efd70187) Importer(815301076,1909f56bfc062723c751e8b465ee728b)
Start importing Assets/Tile/wallandwater/tileset-sliced_353.asset using Guid(8b24a8698106f8246bdd8eb6efd70187) Importer(815301076,1909f56bfc062723c751e8b465ee728b)  -> (artifact id: 'a0ba998c8da1d027986e2a7f028c26a0') in 0.007123 seconds 
========================================================================
Received Import Request.
  Time since last request: 0.000020 seconds.
  path: Assets/Tile/wallandwater/tileset-sliced_359.asset
  artifactKey: Guid(6e6397c1877483b439c3f48a97ced04a) Importer(815301076,1909f56bfc062723c751e8b465ee728b)
Start importing Assets/Tile/wallandwater/tileset-sliced_359.asset using Guid(6e6397c1877483b439c3f48a97ced04a) Importer(815301076,1909f56bfc062723c751e8b465ee728b)  -> (artifact id: 'ca682cdd1aef99482468a011a68e4cee') in 0.007520 seconds 
========================================================================
Received Import Request.
  Time since last request: 0.000016 seconds.
  path: Assets/Tile/wallandwater/tileset-sliced_363.asset
  artifactKey: Guid(a6991c3d7ff003944914b437fc0cb206) Importer(815301076,1909f56bfc062723c751e8b465ee728b)
Start importing Assets/Tile/wallandwater/tileset-sliced_363.asset using Guid(a6991c3d7ff003944914b437fc0cb206) Importer(815301076,1909f56bfc062723c751e8b465ee728b)  -> (artifact id: '2c1728d4f2c45dc621586c4cdf7db719') in 0.007239 seconds 
========================================================================
Received Import Request.
  Time since last request: 0.000016 seconds.
  path: Assets/Tile/wallandwater/tileset-sliced_357.asset
  artifactKey: Guid(057caf16d1c78d042921ef53f411aaf3) Importer(815301076,1909f56bfc062723c751e8b465ee728b)
Start importing Assets/Tile/wallandwater/tileset-sliced_357.asset using Guid(057caf16d1c78d042921ef53f411aaf3) Importer(815301076,1909f56bfc062723c751e8b465ee728b)  -> (artifact id: '70cd2d0246f422abef1d05f43a081abd') in 0.006884 seconds 
========================================================================
Received Import Request.
  Time since last request: 0.000023 seconds.
  path: Assets/Tile/wallandwater/tileset-sliced_361.asset
  artifactKey: Guid(a95913679ddd3454298e657e186d7d63) Importer(815301076,1909f56bfc062723c751e8b465ee728b)
Start importing Assets/Tile/wallandwater/tileset-sliced_361.asset using Guid(a95913679ddd3454298e657e186d7d63) Importer(815301076,1909f56bfc062723c751e8b465ee728b)  -> (artifact id: '7149c7655dbc2af2daa9913e7b67149d') in 0.012850 seconds 
========================================================================
Received Import Request.
  Time since last request: 0.053024 seconds.
  path: Assets/Tile/wallandwater/tileset-sliced_369.asset
  artifactKey: Guid(1478a2dab73426541b074dd6f1366b4f) Importer(815301076,1909f56bfc062723c751e8b465ee728b)
Start importing Assets/Tile/wallandwater/tileset-sliced_369.asset using Guid(1478a2dab73426541b074dd6f1366b4f) Importer(815301076,1909f56bfc062723c751e8b465ee728b)  -> (artifact id: '13d964115b18109c89422015a3f82064') in 0.007399 seconds 
========================================================================
Received Import Request.
  Time since last request: 0.000015 seconds.
  path: Assets/Tile/wallandwater/tileset-sliced_375.asset
  artifactKey: Guid(b1112f60c87ff1d4c84d655d71bf79a7) Importer(815301076,1909f56bfc062723c751e8b465ee728b)
Start importing Assets/Tile/wallandwater/tileset-sliced_375.asset using Guid(b1112f60c87ff1d4c84d655d71bf79a7) Importer(815301076,1909f56bfc062723c751e8b465ee728b)  -> (artifact id: '36c5b7f5a9feaa2b8141d87d4fb18b4f') in 0.006576 seconds 
========================================================================
Received Import Request.
  Time since last request: 0.000015 seconds.
  path: Assets/Tile/wallandwater/tileset-sliced_378.asset
  artifactKey: Guid(f13423eb3a34c2c418bbce6b56b09a4e) Importer(815301076,1909f56bfc062723c751e8b465ee728b)
Start importing Assets/Tile/wallandwater/tileset-sliced_378.asset using Guid(f13423eb3a34c2c418bbce6b56b09a4e) Importer(815301076,1909f56bfc062723c751e8b465ee728b)  -> (artifact id: 'f4534abe86b76d8c4505398b9493336f') in 0.021508 seconds 
========================================================================
Received Import Request.
  Time since last request: 0.000023 seconds.
  path: Assets/Tile/wallandwater/tileset-sliced_379.asset
  artifactKey: Guid(2121a53398a872549900eaf1db50bfce) Importer(815301076,1909f56bfc062723c751e8b465ee728b)
Start importing Assets/Tile/wallandwater/tileset-sliced_379.asset using Guid(2121a53398a872549900eaf1db50bfce) Importer(815301076,1909f56bfc062723c751e8b465ee728b)  -> (artifact id: '08b8769e6f82e54b4c074033e748a818') in 0.008587 seconds 
========================================================================
Received Import Request.
  Time since last request: 0.168183 seconds.
  path: Assets/Tile/wallandwater/tileset-sliced_385.asset
  artifactKey: Guid(d7a54e1885aefa843a27d49caf9938b8) Importer(815301076,1909f56bfc062723c751e8b465ee728b)
Start importing Assets/Tile/wallandwater/tileset-sliced_385.asset using Guid(d7a54e1885aefa843a27d49caf9938b8) Importer(815301076,1909f56bfc062723c751e8b465ee728b)  -> (artifact id: 'fcc8554fa11fe92589ed2275d0899263') in 0.007499 seconds 
========================================================================
Received Import Request.
  Time since last request: 0.000014 seconds.
  path: Assets/Tile/wallandwater/tileset-sliced_389.asset
  artifactKey: Guid(54b0be4832c712a46b235f938e9c9c3e) Importer(815301076,1909f56bfc062723c751e8b465ee728b)
Start importing Assets/Tile/wallandwater/tileset-sliced_389.asset using Guid(54b0be4832c712a46b235f938e9c9c3e) Importer(815301076,1909f56bfc062723c751e8b465ee728b)  -> (artifact id: '61d30c9edabc2bb8dd7095e1d986fe54') in 0.007003 seconds 
========================================================================
Received Import Request.
  Time since last request: 0.000022 seconds.
  path: Assets/Tile/wallandwater/tileset-sliced_396.asset
  artifactKey: Guid(c0d78093e7148c94599e9eb0fe788a94) Importer(815301076,1909f56bfc062723c751e8b465ee728b)
Start importing Assets/Tile/wallandwater/tileset-sliced_396.asset using Guid(c0d78093e7148c94599e9eb0fe788a94) Importer(815301076,1909f56bfc062723c751e8b465ee728b)  -> (artifact id: 'b17ab20ad3146f44dd152cd9bbad3f94') in 0.009133 seconds 
========================================================================
Received Import Request.
  Time since last request: 0.000017 seconds.
  path: Assets/Tile/wallandwater/tileset-sliced_393.asset
  artifactKey: Guid(87c8bbd3bdaf11c459a82432d4942c5a) Importer(815301076,1909f56bfc062723c751e8b465ee728b)
Start importing Assets/Tile/wallandwater/tileset-sliced_393.asset using Guid(87c8bbd3bdaf11c459a82432d4942c5a) Importer(815301076,1909f56bfc062723c751e8b465ee728b)  -> (artifact id: '7cf70f9f1bc1eb799fa6e2b755b232c5') in 0.009283 seconds 
Editor requested this worker to shutdown with reason: Scaling down because of idle timeout
AssetImportWorker is now disconnected from the server
Process exiting
Exiting without the bug reporter. Application will terminate with return code 0